SF:foresight_mcp/__init__.py
DA:20,1
DA:23,1
DA:35,1
DA:56,1
DA:65,1
DA:78,1
DA:87,1
DA:95,1
DA:101,1
DA:107,1
DA:117,1
DA:124,1
DA:134,1
DA:139,1
DA:146,1
DA:161,1
DA:212,1
DA:219,1
DA:223,1
DA:253,1
DA:254,1
DA:265,1
DA:266,0
DA:267,0
DA:269,0
DA:270,0
DA:271,0
DA:276,0
DA:277,0
DA:279,0
DA:280,0
DA:285,1
DA:286,1
DA:293,1
DA:294,0
DA:295,0
DA:297,0
DA:298,0
DA:299,0
DA:303,0
DA:305,1
DA:311,1
DA:321,1
DA:327,1
DA:334,1
DA:335,1
LF:46
LH:31
end_of_record
SF:foresight_mcp/__main__.py
DA:4,0
DA:6,0
DA:7,0
DA:8,0
DA:10,0
DA:13,0
DA:15,0
DA:16,0
DA:18,0
DA:19,0
DA:21,0
DA:22,0
DA:23,0
DA:24,0
DA:26,0
DA:29,0
DA:30,0
LF:17
LH:0
FN:13,26,main
FNDA:0,main
FNF:1
FNH:0
end_of_record
SF:foresight_mcp/audit.py
DA:42,1
DA:44,1
DA:45,1
DA:46,1
DA:47,1
DA:48,1
DA:49,1
DA:50,1
DA:51,1
DA:53,1
DA:59,1
DA:60,1
DA:61,1
DA:62,1
DA:63,1
DA:71,1
DA:108,1
DA:109,1
DA:129,1
DA:130,1
DA:131,1
DA:132,1
DA:133,1
DA:134,1
DA:136,1
DA:137,0
DA:138,0
DA:139,0
DA:140,0
DA:141,0
DA:142,0
DA:143,0
DA:144,0
DA:145,0
DA:146,0
DA:149,1
DA:164,1
DA:165,0
DA:166,0
DA:167,0
DA:168,0
DA:169,0
DA:170,0
DA:171,0
DA:177,1
DA:178,0
DA:179,0
DA:180,0
DA:181,0
DA:182,0
DA:183,0
DA:184,0
DA:185,0
DA:186,0
DA:188,1
DA:189,0
DA:190,0
DA:191,0
DA:192,0
DA:193,0
DA:194,0
DA:195,0
DA:196,0
DA:198,1
DA:199,0
DA:201,1
DA:202,0
DA:208,1
DA:220,0
DA:221,0
DA:222,0
DA:223,0
DA:224,0
DA:225,0
DA:240,0
DA:246,1
DA:277,0
DA:278,0
DA:279,0
DA:280,0
DA:282,0
DA:283,0
DA:284,0
DA:285,0
DA:286,0
DA:287,0
DA:288,0
DA:289,0
DA:290,0
DA:291,0
DA:292,0
DA:294,0
DA:295,0
DA:303,0
DA:304,0
DA:305,0
DA:317,1
DA:319,0
DA:320,0
DA:321,0
DA:322,0
DA:323,0
DA:324,0
DA:325,0
DA:326,0
DA:327,0
DA:328,0
DA:330,1
DA:339,0
DA:340,0
DA:341,0
DA:342,0
DA:347,0
DA:351,0
DA:359,1
LF:115
LH:36
FN:136,146,AuditEvent.__post_init__
FNDA:0,AuditEvent.__post_init__
FN:164,171,AuditLog.__init__
FNDA:0,AuditLog.__init__
FN:177,186,AuditLog._get_conn
FNDA:0,AuditLog._get_conn
FN:188,196,AuditLog.close
FNDA:0,AuditLog.close
FN:198,199,AuditLog.__enter__
FNDA:0,AuditLog.__enter__
FN:201,202,AuditLog.__exit__
FNDA:0,AuditLog.__exit__
FN:208,240,AuditLog.record
FNDA:0,AuditLog.record
FN:246,315,AuditLog.query
FNDA:0,AuditLog.query
FN:317,328,AuditLog.count
FNDA:0,AuditLog.count
FN:330,356,AuditLog.stats
FNDA:0,AuditLog.stats
FNF:10
FNH:0
end_of_record
SF:foresight_mcp/auth.py
DA:6,1
DA:7,1
DA:8,1
DA:9,1
DA:10,1
DA:11,1
DA:12,1
DA:13,1
DA:14,1
DA:16,1
DA:17,1
DA:18,1
DA:20,1
DA:21,1
DA:22,1
DA:24,1
DA:27,1
DA:28,1
DA:30,0
DA:31,1
DA:32,1
DA:33,1
DA:35,1
DA:36,1
DA:38,0
DA:39,1
DA:40,1
DA:41,1
DA:44,1
DA:47,1
DA:48,1
DA:49,1
DA:52,1
DA:53,1
DA:56,1
DA:57,1
DA:58,1
DA:59,1
DA:60,1
DA:61,1
DA:62,1
DA:64,1
DA:66,1
DA:68,1
DA:71,1
DA:75,1
DA:78,1
DA:80,0
DA:83,1
DA:85,0
DA:86,0
DA:87,0
DA:90,1
DA:92,0
DA:93,0
DA:94,0
DA:95,0
DA:98,1
DA:100,0
DA:101,0
DA:102,0
DA:103,0
DA:104,0
DA:105,0
DA:108,1
DA:110,0
DA:111,0
DA:114,1
DA:117,1
DA:118,0
DA:119,0
DA:121,1
DA:123,0
DA:124,0
DA:126,0
DA:128,0
DA:144,0
DA:157,0
DA:158,0
DA:159,0
DA:160,0
DA:162,0
DA:164,0
DA:166,1
DA:169,0
DA:170,0
DA:171,0
DA:173,0
DA:174,0
DA:175,0
DA:177,0
DA:178,0
DA:179,0
DA:185,0
DA:187,1
DA:189,0
DA:195,0
DA:197,1
DA:199,0
DA:200,0
DA:201,0
DA:202,0
DA:203,0
DA:204,0
DA:205,0
DA:206,0
DA:208,1
DA:210,0
DA:211,0
DA:212,0
DA:213,0
DA:214,0
DA:215,0
DA:216,0
DA:218,1
DA:220,0
DA:221,0
DA:222,0
DA:223,0
DA:224,0
DA:230,0
DA:231,0
DA:232,0
DA:234,1
DA:236,0
DA:237,0
DA:238,0
DA:239,0
DA:240,0
DA:241,0
DA:242,0
DA:243,0
DA:245,1
DA:254,0
DA:255,0
DA:258,0
DA:259,0
DA:261,0
DA:262,0
DA:263,0
DA:265,0
DA:267,0
DA:268,0
DA:270,0
DA:271,0
DA:289,0
DA:291,0
DA:303,0
DA:305,1
DA:307,0
DA:308,0
DA:310,0
DA:311,0
DA:321,0
DA:322,0
DA:323,0
DA:325,0
DA:338,0
DA:339,0
DA:342,0
DA:348,0
DA:350,0
DA:363,0
DA:365,1
DA:367,0
DA:368,0
DA:370,0
DA:371,0
DA:381,0
DA:382,0
DA:383,0
DA:385,0
DA:399,0
DA:405,0
DA:407,0
DA:420,0
DA:422,1
DA:424,0
DA:426,0
DA:427,0
DA:428,0
DA:430,1
DA:432,0
DA:433,0
DA:435,0
DA:436,0
DA:438,0
DA:439,0
DA:453,0
DA:454,0
DA:456,0
DA:458,1
DA:460,0
DA:461,0
DA:463,0
DA:464,0
DA:475,0
DA:476,0
DA:477,0
DA:479,0
DA:495,0
DA:508,0
DA:510,1
DA:512,0
DA:513,0
DA:515,0
DA:516,0
DA:522,0
DA:523,0
DA:524,0
DA:526,0
DA:530,1
DA:533,1
DA:534,1
DA:535,1
DA:537,1
DA:538,0
DA:539,0
DA:540,0
DA:541,0
DA:543,1
DA:544,0
DA:545,0
DA:548,1
DA:551,1
DA:553,0
DA:554,0
DA:555,0
DA:558,1
DA:560,0
DA:563,0
DA:564,0
DA:566,0
DA:567,0
DA:568,0
DA:570,0
DA:572,0
DA:573,0
DA:583,0
DA:586,0
DA:587,0
DA:595,0
DA:597,0
DA:603,1
DA:606,1
DA:607,1
DA:608,0
DA:613,1
DA:614,0
DA:615,0
DA:618,0
DA:619,0
DA:620,0
DA:621,0
DA:622,0
DA:623,0
DA:624,0
DA:625,0
DA:626,0
DA:627,0
DA:628,0
DA:629,0
DA:630,0
DA:631,0
DA:633,0
LF:265
LH:78
FN:78,80,_utcnow
FNDA:0,_utcnow
FN:83,87,_env_truthy
FNDA:0,_env_truthy
FN:90,95,_should_require_api_key
FNDA:0,_should_require_api_key
FN:98,105,_parse_db_timestamp
FNDA:0,_parse_db_timestamp
FN:108,111,_validate_tenant_id
FNDA:0,_validate_tenant_id
FN:117,119,AuthManager.__init__
FNDA:0,AuthManager.__init__
FN:121,164,AuthManager._init_db
FNDA:0,AuthManager._init_db
FN:166,185,AuthManager._hash_password
FNDA:0,AuthManager._hash_password
FN:187,195,AuthManager._verify_password
FNDA:0,AuthManager._verify_password
FN:197,206,AuthManager._verify_argon2
FNDA:0,AuthManager._verify_argon2
FN:208,216,AuthManager._verify_bcrypt
FNDA:0,AuthManager._verify_bcrypt
FN:218,232,AuthManager._verify_pbkdf2
FNDA:0,AuthManager._verify_pbkdf2
FN:234,243,AuthManager._verify_legacy_sha256
FNDA:0,AuthManager._verify_legacy_sha256
FN:245,303,AuthManager.create_user
FNDA:0,AuthManager.create_user
FN:305,363,AuthManager.authenticate_user
FNDA:0,AuthManager.authenticate_user
FN:365,420,AuthManager.authenticate_api_key
FNDA:0,AuthManager.authenticate_api_key
FN:422,428,AuthManager.validate_user_tenant_access
FNDA:0,AuthManager.validate_user_tenant_access
FN:430,456,AuthManager.create_session
FNDA:0,AuthManager.create_session
FN:458,508,AuthManager.validate_session
FNDA:0,AuthManager.validate_session
FN:510,526,AuthManager.cleanup_expired_sessions
FNDA:0,AuthManager.cleanup_expired_sessions
FN:533,535,_AuthManagerSingleton.__init__
FNDA:1,_AuthManagerSingleton.__init__
FN:537,541,_AuthManagerSingleton.get
FNDA:0,_AuthManagerSingleton.get
FN:543,545,_AuthManagerSingleton.reset
FNDA:0,_AuthManagerSingleton.reset
FN:551,555,get_auth_manager
FNDA:0,get_auth_manager
FN:558,597,initialize_default_users
FNDA:0,initialize_default_users
FN:607,611,AuthMiddleware._error_result
FNDA:0,AuthMiddleware._error_result
FN:613,633,AuthMiddleware.on_call_tool
FNDA:0,AuthMiddleware.on_call_tool
FNF:27
FNH:1
end_of_record
SF:foresight_mcp/block_registry.py
DA:6,1
DA:8,1
DA:9,1
DA:10,1
DA:11,1
DA:12,1
DA:19,1
DA:22,1
DA:23,1
DA:24,1
DA:25,1
DA:28,1
DA:31,1
DA:32,1
DA:33,1
DA:36,1
DA:39,1
DA:40,1
DA:41,1
DA:44,1
DA:47,1
DA:48,1
DA:49,1
DA:57,1
DA:58,1
DA:75,1
DA:76,1
DA:77,1
DA:78,1
DA:79,1
DA:80,1
DA:81,1
DA:82,1
DA:83,1
DA:84,1
DA:86,1
DA:94,0
DA:95,0
DA:98,0
DA:99,0
DA:101,0
DA:103,1
DA:105,0
DA:117,1
DA:118,1
DA:120,0
DA:139,1
DA:140,1
DA:152,1
DA:153,1
DA:154,1
DA:155,1
DA:156,1
DA:158,1
DA:160,0
DA:161,0
DA:162,0
DA:163,0
DA:164,0
DA:166,0
DA:169,0
DA:171,0
DA:172,0
DA:174,1
DA:176,0
DA:178,1
DA:180,0
DA:194,1
DA:201,1
DA:203,1
DA:204,0
DA:205,0
DA:206,0
DA:207,0
DA:209,1
DA:210,0
DA:211,0
DA:212,0
DA:213,0
DA:214,0
DA:216,1
DA:218,0
DA:219,0
DA:220,0
DA:222,1
DA:224,0
DA:226,1
DA:228,0
DA:230,1
DA:232,0
DA:233,0
DA:234,0
DA:235,0
DA:237,1
DA:239,0
DA:241,1
DA:243,0
DA:245,1
DA:247,0
DA:249,1
DA:251,0
DA:252,0
DA:253,0
DA:254,0
DA:256,1
DA:258,0
DA:265,1
DA:429,1
DA:431,0
DA:434,1
DA:436,0
DA:437,0
DA:438,0
DA:439,0
DA:440,0
LF:115
LH:65
FN:86,101,MemoryBlockSchema.validate_content
FNDA:0,MemoryBlockSchema.validate_content
FN:103,115,MemoryBlockSchema.to_dict
FNDA:0,MemoryBlockSchema.to_dict
FN:118,131,MemoryBlockSchema.from_dict
FNDA:0,MemoryBlockSchema.from_dict
FN:158,172,MemoryBlock.update_content
FNDA:0,MemoryBlock.update_content
FN:174,176,MemoryBlock.is_empty
FNDA:0,MemoryBlock.is_empty
FN:178,186,MemoryBlock.to_dict
FNDA:0,MemoryBlock.to_dict
FN:203,207,BlockRegistry.__new__
FNDA:0,BlockRegistry.__new__
FN:209,214,BlockRegistry.__init__
FNDA:0,BlockRegistry.__init__
FN:216,220,BlockRegistry.register
FNDA:0,BlockRegistry.register
FN:222,224,BlockRegistry.get_schema
FNDA:0,BlockRegistry.get_schema
FN:226,228,BlockRegistry.list_schemas
FNDA:0,BlockRegistry.list_schemas
FN:230,235,BlockRegistry.create_block
FNDA:0,BlockRegistry.create_block
FN:237,239,BlockRegistry.get_block
FNDA:0,BlockRegistry.get_block
FN:241,243,BlockRegistry.set_block
FNDA:0,BlockRegistry.set_block
FN:245,247,BlockRegistry.list_blocks
FNDA:0,BlockRegistry.list_blocks
FN:249,254,BlockRegistry.delete_block
FNDA:0,BlockRegistry.delete_block
FN:256,258,BlockRegistry.clear
FNDA:0,BlockRegistry.clear
FN:429,431,get_registry
FNDA:0,get_registry
FN:434,440,initialize_default_blocks
FNDA:0,initialize_default_blocks
FNF:19
FNH:0
end_of_record
SF:foresight_mcp/circuit_breaker.py
DA:3,1
DA:4,1
DA:5,1
DA:6,1
DA:7,1
DA:8,1
DA:9,1
DA:12,1
DA:15,1
DA:16,1
DA:17,1
DA:20,1
DA:21,1
DA:24,1
DA:25,1
DA:26,1
DA:27,1
DA:30,1
DA:34,1
DA:37,1
DA:38,0
DA:39,0
DA:40,0
DA:41,0
DA:42,0
DA:43,0
DA:46,0
DA:47,0
DA:48,0
DA:50,1
DA:51,1
DA:53,0
DA:54,0
DA:56,1
DA:58,0
DA:59,0
DA:60,0
DA:61,0
DA:62,0
DA:63,0
DA:65,1
DA:67,0
DA:68,0
DA:69,0
DA:71,0
DA:72,0
DA:73,0
DA:75,0
DA:76,0
DA:79,0
DA:80,0
DA:82,0
DA:83,0
DA:84,0
DA:85,0
DA:86,0
DA:87,0
DA:88,0
DA:90,0
DA:91,0
DA:92,0
DA:93,0
DA:94,0
DA:95,0
DA:96,0
DA:98,1
DA:100,0
DA:101,0
DA:103,0
DA:104,0
DA:105,0
DA:106,0
DA:107,0
DA:108,0
DA:109,0
DA:111,1
DA:113,0
DA:114,0
DA:115,0
DA:116,0
DA:118,0
DA:119,0
DA:120,0
DA:121,0
DA:122,0
DA:123,0
DA:125,1
DA:127,0
DA:128,0
DA:129,0
DA:130,0
DA:131,0
DA:134,1
DA:136,0
DA:138,0
DA:139,0
DA:140,0
DA:141,0
DA:143,0
DA:144,0
DA:146,0
LF:101
LH:28
FN:37,48,CircuitBreaker.__init__
FNDA:0,CircuitBreaker.__init__
FN:51,54,CircuitBreaker.state
FNDA:0,CircuitBreaker.state
FN:56,63,CircuitBreaker._check_state_transition
FNDA:0,CircuitBreaker._check_state_transition
FN:65,96,CircuitBreaker.call
FNDA:0,CircuitBreaker.call
FN:98,109,CircuitBreaker._on_success
FNDA:0,CircuitBreaker._on_success
FN:111,123,CircuitBreaker._on_failure
FNDA:0,CircuitBreaker._on_failure
FN:125,131,CircuitBreaker.reset
FNDA:0,CircuitBreaker.reset
FN:134,146,with_circuit_breaker
FNDA:0,with_circuit_breaker
FN:138,144,with_circuit_breaker.decorator
FNDA:0,with_circuit_breaker.decorator
FN:140,141,with_circuit_breaker.decorator.wrapper
FNDA:0,with_circuit_breaker.decorator.wrapper
FNF:10
FNH:0
end_of_record
SF:foresight_mcp/cluster_service.py
DA:3,0
DA:5,0
DA:6,0
DA:7,0
DA:8,0
DA:9,0
DA:11,0
DA:13,0
DA:14,0
DA:47,0
DA:48,0
DA:49,0
DA:50,0
DA:53,0
DA:54,0
DA:55,0
DA:56,0
DA:57,0
DA:58,0
DA:61,0
DA:62,0
DA:65,0
DA:66,0
DA:69,0
DA:82,0
DA:83,0
DA:85,0
DA:86,0
DA:87,0
DA:89,0
DA:90,0
DA:91,0
DA:93,0
DA:96,0
DA:98,0
DA:99,0
DA:100,0
DA:101,0
DA:102,0
DA:103,0
DA:104,0
DA:113,0
DA:116,0
DA:118,0
DA:119,0
DA:120,0
DA:121,0
DA:122,0
DA:123,0
DA:124,0
DA:125,0
DA:128,0
DA:132,0
DA:133,0
DA:134,0
DA:136,0
DA:137,0
DA:138,0
DA:139,0
DA:140,0
DA:141,0
DA:142,0
DA:143,0
DA:144,0
DA:145,0
DA:146,0
DA:148,0
DA:149,0
DA:150,0
DA:152,0
DA:153,0
DA:155,0
DA:156,0
DA:157,0
DA:158,0
DA:159,0
DA:160,0
DA:161,0
DA:162,0
DA:176,0
DA:177,0
DA:187,0
DA:190,0
DA:194,0
DA:195,0
DA:196,0
DA:197,0
DA:198,0
DA:201,0
DA:202,0
DA:203,0
DA:204,0
LF:92
LH:0
FN:47,50,_tokenize
FNDA:0,_tokenize
FN:53,58,_jaccard
FNDA:0,_jaccard
FN:69,93,cluster_memories
FNDA:0,cluster_memories
FN:96,113,_clean_memories
FNDA:0,_clean_memories
FN:116,125,_build_adjacency
FNDA:0,_build_adjacency
FN:128,187,_form_clusters
FNDA:0,_form_clusters
FN:190,198,_apply_cluster_limit
FNDA:0,_apply_cluster_limit
FN:201,204,_build_cluster_id
FNDA:0,_build_cluster_id
FNF:8
FNH:0
end_of_record
SF:foresight_mcp/clustering.py
DA:3,1
DA:5,1
DA:6,1
DA:7,1
DA:8,1
DA:9,1
DA:11,1
DA:13,1
DA:14,1
DA:47,1
DA:48,0
DA:49,0
DA:50,0
DA:53,1
DA:54,0
DA:55,0
DA:56,0
DA:57,0
DA:58,0
DA:61,1
DA:62,1
DA:65,1
DA:66,1
DA:69,1
DA:83,0
DA:84,0
DA:86,0
DA:87,0
DA:88,0
DA:90,0
DA:91,0
DA:92,0
DA:94,0
DA:95,0
DA:96,0
DA:98,0
DA:101,1
DA:103,0
DA:104,0
DA:105,0
DA:106,0
DA:107,0
DA:108,0
DA:109,0
DA:118,0
DA:121,1
DA:123,0
DA:124,0
DA:125,0
DA:126,0
DA:127,0
DA:128,0
DA:129,0
DA:130,0
DA:133,1
DA:135,0
DA:136,0
DA:137,0
DA:138,0
DA:139,0
DA:140,0
DA:141,0
DA:142,0
DA:143,0
DA:146,1
DA:150,0
DA:151,0
DA:152,0
DA:154,0
DA:155,0
DA:156,0
DA:157,0
DA:158,0
DA:159,0
DA:160,0
DA:161,0
DA:162,0
DA:163,0
DA:164,0
DA:166,0
DA:167,0
DA:168,0
DA:170,0
DA:171,0
DA:173,0
DA:174,0
DA:175,0
DA:176,0
DA:177,0
DA:179,0
DA:180,0
DA:184,0
DA:186,0
DA:187,0
DA:203,0
DA:204,0
DA:214,0
DA:217,1
DA:221,0
DA:222,0
DA:223,0
DA:224,0
DA:225,0
DA:228,1
DA:229,0
DA:230,0
DA:231,0
LF:107
LH:22
FN:47,50,_tokenize
FNDA:0,_tokenize
FN:53,58,_jaccard
FNDA:0,_jaccard
FN:69,98,cluster_memories
FNDA:0,cluster_memories
FN:101,118,_clean_memories
FNDA:0,_clean_memories
FN:121,130,_find_best_pair_affinity
FNDA:0,_find_best_pair_affinity
FN:133,143,_build_adjacency
FNDA:0,_build_adjacency
FN:146,214,_form_clusters
FNDA:0,_form_clusters
FN:217,225,_apply_cluster_limit
FNDA:0,_apply_cluster_limit
FN:228,231,_build_cluster_id
FNDA:0,_build_cluster_id
FNF:9
FNH:0
end_of_record
SF:foresight_mcp/config.py
DA:13,1
DA:14,1
DA:17,1
DA:18,1
DA:21,1
DA:22,1
DA:23,1
DA:28,1
DA:31,1
DA:33,1
DA:34,1
DA:35,0
DA:36,0
DA:37,0
DA:38,0
DA:41,1
DA:44,1
DA:47,1
DA:48,1
DA:50,1
DA:51,1
DA:54,1
DA:55,1
DA:57,1
DA:58,1
DA:61,1
DA:62,1
LF:27
LH:23
FN:31,38,_parse_identity
FNDA:1,_parse_identity
FNF:1
FNH:1
end_of_record
SF:foresight_mcp/connection_pool.py
DA:7,1
DA:9,1
DA:10,1
DA:11,1
DA:12,1
DA:13,1
DA:14,1
DA:15,1
DA:16,1
DA:18,1
DA:20,1
DA:23,1
DA:26,1
DA:27,0
DA:28,0
DA:29,0
DA:30,0
DA:31,0
DA:32,0
DA:34,1
DA:36,0
DA:37,0
DA:38,0
DA:39,0
DA:40,0
DA:41,0
DA:42,0
DA:43,0
DA:44,0
DA:45,0
DA:46,0
DA:47,0
DA:48,0
DA:49,0
DA:50,0
DA:52,0
DA:53,0
DA:54,0
DA:55,0
DA:56,0
DA:58,1
DA:60,0
DA:61,0
DA:62,0
DA:63,0
DA:64,0
DA:66,0
DA:68,0
DA:69,0
DA:70,0
DA:71,0
DA:72,0
DA:74,0
DA:75,0
DA:76,0
DA:77,0
DA:78,0
DA:79,0
DA:80,0
DA:81,0
DA:82,0
DA:83,0
DA:85,1
DA:87,0
DA:88,0
DA:89,0
DA:90,0
DA:91,0
DA:93,1
DA:95,0
DA:96,0
DA:97,0
DA:98,0
DA:99,0
DA:100,0
DA:101,0
DA:102,0
DA:103,0
DA:105,1
DA:106,1
DA:108,0
DA:109,0
DA:117,1
DA:118,1
DA:121,1
DA:123,0
DA:124,0
DA:125,0
DA:126,0
DA:127,0
DA:130,1
DA:132,0
DA:133,0
DA:134,0
DA:135,0
DA:138,1
DA:146,1
DA:147,0
DA:148,0
DA:149,0
DA:151,1
DA:152,0
DA:154,1
DA:155,1
DA:156,0
DA:158,1
DA:159,1
DA:160,0
DA:162,1
DA:163,0
DA:164,0
DA:165,0
DA:167,1
DA:168,0
DA:170,1
DA:171,0
DA:173,1
DA:174,0
DA:175,0
LF:119
LH:34
FN:26,32,ConnectionPool.__init__
FNDA:0,ConnectionPool.__init__
FN:34,56,ConnectionPool.acquire
FNDA:0,ConnectionPool.acquire
FN:58,83,ConnectionPool.release
FNDA:0,ConnectionPool.release
FN:85,91,ConnectionPool._new_connection
FNDA:0,ConnectionPool._new_connection
FN:93,103,ConnectionPool.close_all
FNDA:0,ConnectionPool.close_all
FN:106,113,ConnectionPool.stats
FNDA:0,ConnectionPool.stats
FN:121,127,get_pool
FNDA:0,get_pool
FN:130,135,reset_pool
FNDA:0,reset_pool
FN:146,149,PooledConnection.__init__
FNDA:0,PooledConnection.__init__
FN:151,152,PooledConnection.__getattr__
FNDA:0,PooledConnection.__getattr__
FN:155,156,PooledConnection.row_factory
FNDA:0,PooledConnection.row_factory
FN:159,160,PooledConnection.row_factory
FNDA:0,PooledConnection.row_factory
FN:162,165,PooledConnection.close
FNDA:0,PooledConnection.close
FN:167,168,PooledConnection.__enter__
FNDA:0,PooledConnection.__enter__
FN:170,171,PooledConnection.__exit__
FNDA:0,PooledConnection.__exit__
FN:173,175,PooledConnection.__del__
FNDA:0,PooledConnection.__del__
FNF:16
FNH:0
end_of_record
SF:foresight_mcp/consumer_group.py
DA:12,1
DA:14,1
DA:15,1
DA:16,1
DA:17,1
DA:18,1
DA:19,1
DA:20,1
DA:21,1
DA:22,1
DA:24,1
DA:27,1
DA:28,1
DA:30,0
DA:31,1
DA:32,1
DA:33,1
DA:34,1
DA:37,1
DA:38,1
DA:41,1
DA:42,1
DA:43,1
DA:44,1
DA:45,1
DA:46,1
DA:47,1
DA:50,1
DA:51,1
DA:54,1
DA:55,1
DA:56,1
DA:57,1
DA:59,1
DA:60,1
DA:62,0
DA:64,1
DA:65,1
DA:67,0
DA:68,0
DA:69,0
DA:70,0
DA:73,1
DA:74,1
DA:77,1
DA:78,1
DA:79,1
DA:80,1
DA:81,1
DA:82,1
DA:83,1
DA:84,1
DA:87,1
DA:90,1
DA:96,0
DA:97,0
DA:100,0
DA:101,0
DA:102,0
DA:103,0
DA:105,0
DA:106,0
DA:107,0
DA:109,1
DA:111,0
DA:112,0
DA:113,0
DA:114,0
DA:115,0
DA:119,0
DA:120,0
DA:122,1
DA:124,0
DA:125,0
DA:126,0
DA:127,0
DA:128,0
DA:129,0
DA:131,1
DA:133,0
DA:135,1
DA:137,0
DA:138,0
DA:139,0
DA:141,1
DA:143,0
DA:146,1
DA:153,1
DA:165,0
DA:166,0
DA:169,0
DA:179,0
DA:181,0
DA:182,0
DA:183,0
DA:184,0
DA:185,0
DA:186,0
DA:187,0
DA:188,0
DA:190,0
DA:191,0
DA:192,0
DA:193,0
DA:194,0
DA:195,0
DA:197,1
DA:199,0
DA:200,0
DA:201,0
DA:203,0
DA:216,0
DA:218,1
DA:220,0
DA:222,1
DA:224,0
DA:226,1
DA:233,0
DA:234,0
DA:236,0
DA:237,0
DA:238,0
DA:240,0
DA:241,0
DA:242,0
DA:243,0
DA:244,0
DA:245,0
DA:254,0
DA:255,0
DA:256,0
DA:258,0
DA:260,0
DA:261,0
DA:262,0
DA:263,0
DA:264,0
DA:266,0
DA:267,0
DA:269,1
DA:271,0
DA:272,0
DA:273,0
DA:274,0
DA:275,0
DA:276,0
DA:277,0
DA:278,0
DA:279,0
DA:281,1
DA:283,0
DA:284,0
DA:285,0
DA:286,0
DA:287,0
DA:289,1
DA:291,0
DA:293,1
DA:295,0
DA:296,0
DA:297,0
DA:299,0
DA:300,0
DA:301,0
DA:303,1
DA:305,0
DA:306,0
DA:307,0
DA:309,0
DA:310,0
DA:311,0
DA:313,1
DA:315,0
DA:316,0
DA:317,0
DA:319,0
DA:320,0
DA:321,0
LF:178
LH:65
FN:60,62,ConsumerStats.uptime
FNDA:0,ConsumerStats.uptime
FN:65,70,ConsumerStats.records_per_second
FNDA:0,ConsumerStats.records_per_second
FN:90,107,ConsumerState.__init__
FNDA:0,ConsumerState.__init__
FN:109,120,ConsumerState._load_state
FNDA:0,ConsumerState._load_state
FN:122,129,ConsumerState.save_state
FNDA:0,ConsumerState.save_state
FN:131,133,ConsumerState.get_offset
FNDA:0,ConsumerState.get_offset
FN:135,139,ConsumerState.set_offset
FNDA:0,ConsumerState.set_offset
FN:141,143,ConsumerState.get_all_offsets
FNDA:0,ConsumerState.get_all_offsets
FN:153,195,KafkaConsumerGroup.__init__
FNDA:0,KafkaConsumerGroup.__init__
FN:197,216,KafkaConsumerGroup._get_consumer
FNDA:0,KafkaConsumerGroup._get_consumer
FN:218,220,KafkaConsumerGroup.add_handler
FNDA:0,KafkaConsumerGroup.add_handler
FN:222,224,KafkaConsumerGroup.add_error_handler
FNDA:0,KafkaConsumerGroup.add_error_handler
FN:226,267,KafkaConsumerGroup.start
FNDA:0,KafkaConsumerGroup.start
FN:269,279,KafkaConsumerGroup._process_record
FNDA:0,KafkaConsumerGroup._process_record
FN:281,287,KafkaConsumerGroup.stop
FNDA:0,KafkaConsumerGroup.stop
FN:289,291,KafkaConsumerGroup.get_stats
FNDA:0,KafkaConsumerGroup.get_stats
FN:293,301,KafkaConsumerGroup.seek_to_beginning
FNDA:0,KafkaConsumerGroup.seek_to_beginning
FN:303,311,KafkaConsumerGroup.seek_to_end
FNDA:0,KafkaConsumerGroup.seek_to_end
FN:313,321,KafkaConsumerGroup.seek_to_offset
FNDA:0,KafkaConsumerGroup.seek_to_offset
FNF:19
FNH:0
end_of_record
SF:foresight_mcp/context_blocks.py
DA:8,1
DA:10,1
DA:11,1
DA:23,1
DA:24,1
DA:26,1
DA:57,1
DA:59,0
DA:62,1
DA:64,0
DA:65,0
DA:68,1
DA:70,0
DA:73,1
DA:75,0
DA:78,1
DA:80,0
DA:83,1
DA:85,0
DA:86,0
DA:89,1
DA:91,0
DA:94,1
DA:96,0
DA:99,1
DA:101,0
DA:104,1
DA:106,0
DA:109,1
DA:111,0
DA:114,1
DA:116,0
DA:119,1
DA:121,0
DA:124,1
DA:126,0
DA:129,1
DA:131,0
DA:134,1
DA:136,0
DA:139,1
DA:141,0
DA:144,1
DA:146,0
LF:44
LH:24
FN:57,59,register_context_block_schema
FNDA:0,register_context_block_schema
FN:62,65,list_context_block_schemas
FNDA:0,list_context_block_schemas
FN:68,70,get_context_block_agent
FNDA:0,get_context_block_agent
FN:73,75,list_context_blocks
FNDA:0,list_context_blocks
FN:78,80,get_context_block
FNDA:0,get_context_block
FN:83,86,update_context_block
FNDA:0,update_context_block
FN:89,91,add_context_guidance
FNDA:0,add_context_guidance
FN:94,96,reset_context_block
FNDA:0,reset_context_block
FN:99,101,clear_context_block
FNDA:0,clear_context_block
FN:104,106,get_context_whisper
FNDA:0,get_context_whisper
FN:109,111,get_context_snapshot
FNDA:0,get_context_snapshot
FN:114,116,get_subconscious_block
FNDA:0,get_subconscious_block
FN:119,121,update_subconscious_block
FNDA:0,update_subconscious_block
FN:124,126,add_subconscious_guidance
FNDA:0,add_subconscious_guidance
FN:129,131,get_subconscious_whisper
FNDA:0,get_subconscious_whisper
FN:134,136,get_subconscious_context
FNDA:0,get_subconscious_context
FN:139,141,reset_subconscious_block
FNDA:0,reset_subconscious_block
FN:144,146,clear_subconscious_block
FNDA:0,clear_subconscious_block
FNF:18
FNH:0
end_of_record
SF:foresight_mcp/crdt.py
DA:10,1
DA:12,1
DA:13,1
DA:14,1
DA:15,1
DA:17,1
DA:25,1
DA:26,1
DA:37,1
DA:39,1
DA:41,0
DA:43,1
DA:45,0
DA:46,0
DA:47,0
DA:49,1
DA:57,0
DA:59,0
DA:60,0
DA:61,0
DA:62,0
DA:64,0
DA:65,0
DA:66,0
DA:67,0
DA:69,0
DA:71,1
DA:73,0
DA:75,1
DA:77,0
DA:78,0
DA:79,0
DA:81,1
DA:83,0
DA:85,1
DA:86,1
DA:88,0
DA:89,0
DA:90,0
DA:98,1
DA:99,1
DA:113,1
DA:114,1
DA:115,1
DA:116,1
DA:118,1
DA:127,0
DA:130,0
DA:131,0
DA:132,0
DA:133,0
DA:134,0
DA:136,1
DA:138,0
DA:139,0
DA:140,0
DA:141,0
DA:142,0
DA:143,0
DA:144,0
DA:145,0
DA:146,0
DA:147,0
DA:149,0
DA:151,1
DA:153,0
DA:155,1
DA:157,0
DA:164,1
DA:165,1
DA:167,0
DA:168,0
DA:169,0
DA:170,0
DA:171,0
DA:172,0
DA:173,0
DA:181,1
DA:182,1
DA:196,1
DA:197,1
DA:198,1
DA:199,1
DA:200,1
DA:201,1
DA:203,1
DA:204,0
DA:205,0
DA:206,0
DA:207,0
DA:208,0
DA:209,0
DA:211,1
DA:213,0
DA:215,1
DA:217,0
DA:219,1
DA:221,0
DA:222,0
DA:223,0
DA:225,0
DA:226,0
DA:227,0
DA:228,0
DA:230,0
DA:231,0
DA:233,1
DA:235,0
DA:238,0
DA:239,0
DA:240,0
DA:242,0
DA:243,0
DA:245,0
DA:246,0
DA:248,1
DA:250,0
DA:252,0
DA:253,0
DA:256,0
DA:257,0
DA:259,0
DA:261,1
DA:263,0
DA:264,0
DA:266,0
DA:271,0
DA:273,1
DA:276,0
DA:277,0
DA:278,0
DA:279,0
DA:280,0
DA:281,0
DA:284,0
DA:285,0
DA:286,0
DA:287,0
DA:289,0
DA:290,0
DA:292,1
DA:294,0
DA:302,1
DA:303,1
DA:305,0
DA:306,0
DA:307,0
DA:308,0
DA:309,0
DA:310,0
DA:311,0
DA:312,0
DA:320,1
DA:321,1
DA:332,1
DA:333,1
DA:334,1
DA:336,1
DA:338,0
DA:340,1
DA:342,0
DA:343,0
DA:344,0
DA:345,0
DA:347,1
DA:349,0
DA:350,0
DA:351,0
DA:353,1
DA:355,0
DA:357,0
DA:358,0
DA:360,1
DA:362,0
DA:364,1
DA:366,0
DA:367,0
DA:368,0
DA:370,0
DA:371,0
DA:373,1
DA:375,0
DA:381,1
DA:382,1
DA:384,0
DA:385,0
DA:386,0
DA:387,0
DA:388,0
DA:389,0
DA:390,0
LF:191
LH:62
FN:39,41,VectorClock.increment
FNDA:0,VectorClock.increment
FN:43,47,VectorClock.merge
FNDA:0,VectorClock.merge
FN:49,69,VectorClock.happens_before
FNDA:0,VectorClock.happens_before
FN:71,73,VectorClock.concurrent_with
FNDA:0,VectorClock.concurrent_with
FN:75,79,VectorClock.copy
FNDA:0,VectorClock.copy
FN:81,83,VectorClock.to_dict
FNDA:0,VectorClock.to_dict
FN:86,90,VectorClock.from_dict
FNDA:0,VectorClock.from_dict
FN:118,134,LWWRegister.set
FNDA:0,LWWRegister.set
FN:136,149,LWWRegister.merge
FNDA:0,LWWRegister.merge
FN:151,153,LWWRegister.get
FNDA:0,LWWRegister.get
FN:155,162,LWWRegister.to_dict
FNDA:0,LWWRegister.to_dict
FN:165,173,LWWRegister.from_dict
FNDA:0,LWWRegister.from_dict
FN:203,209,ORSet.__post_init__
FNDA:0,ORSet.__post_init__
FN:211,213,ORSet.set_node_id
FNDA:0,ORSet.set_node_id
FN:215,217,ORSet._get_hash
FNDA:0,ORSet._get_hash
FN:219,231,ORSet.add
FNDA:0,ORSet.add
FN:233,246,ORSet.remove
FNDA:0,ORSet.remove
FN:248,259,ORSet.contains
FNDA:0,ORSet.contains
FN:261,271,ORSet.get_elements
FNDA:0,ORSet.get_elements
FN:273,290,ORSet.merge
FNDA:0,ORSet.merge
FN:292,300,ORSet.to_dict
FNDA:0,ORSet.to_dict
FN:303,312,ORSet.from_dict
FNDA:0,ORSet.from_dict
FN:336,338,LWWMap.set_node_id
FNDA:0,LWWMap.set_node_id
FN:340,345,LWWMap.set
FNDA:0,LWWMap.set
FN:347,351,LWWMap.get
FNDA:0,LWWMap.get
FN:353,358,LWWMap.delete
FNDA:0,LWWMap.delete
FN:360,362,LWWMap.keys
FNDA:0,LWWMap.keys
FN:364,371,LWWMap.merge
FNDA:0,LWWMap.merge
FN:373,379,LWWMap.to_dict
FNDA:0,LWWMap.to_dict
FN:382,390,LWWMap.from_dict
FNDA:0,LWWMap.from_dict
FNF:30
FNH:0
end_of_record
SF:foresight_mcp/crisis_detection.py
DA:7,1
DA:9,1
DA:10,1
DA:11,1
DA:12,1
DA:18,1
DA:19,1
DA:22,1
DA:23,1
DA:34,1
DA:35,1
DA:36,1
DA:37,1
DA:38,1
DA:39,1
DA:40,1
DA:41,1
DA:43,1
DA:44,0
DA:45,0
DA:47,1
DA:48,0
DA:60,1
DA:71,1
DA:72,1
DA:84,1
DA:85,1
DA:93,1
DA:98,1
DA:192,1
DA:200,1
DA:201,0
DA:202,0
DA:204,1
DA:206,0
DA:207,0
DA:208,0
DA:210,1
DA:223,0
DA:224,0
DA:225,0
DA:228,0
DA:229,0
DA:230,0
DA:231,0
DA:233,0
DA:234,0
DA:235,0
DA:236,0
DA:243,0
DA:244,0
DA:245,0
DA:246,0
DA:247,0
DA:248,0
DA:250,0
DA:252,0
DA:253,0
DA:257,0
DA:258,0
DA:259,0
DA:262,0
DA:263,0
DA:264,0
DA:267,0
DA:268,0
DA:273,0
DA:274,0
DA:277,0
DA:278,0
DA:282,0
DA:284,0
DA:295,1
DA:297,0
DA:305,1
DA:319,1
DA:322,1
DA:323,1
DA:325,1
DA:326,1
DA:329,0
DA:330,0
DA:333,0
DA:334,0
DA:335,0
DA:337,0
DA:339,0
DA:340,0
DA:343,1
DA:354,0
DA:358,1
DA:365,0
LF:92
LH:39
FN:43,45,AnomalyResult.__post_init__
FNDA:0,AnomalyResult.__post_init__
FN:47,57,AnomalyResult.to_dict
FNDA:0,AnomalyResult.to_dict
FN:72,82,AnomalyDetector.detect
FNDA:0,AnomalyDetector.detect
FN:85,86,AnomalyDetector.get_categories
FNDA:0,AnomalyDetector.get_categories
FN:200,202,MentalHealthAnomalyDetector.__init__
FNDA:0,MentalHealthAnomalyDetector.__init__
FN:204,208,MentalHealthAnomalyDetector._compile_patterns
FNDA:0,MentalHealthAnomalyDetector._compile_patterns
FN:210,293,MentalHealthAnomalyDetector.detect
FNDA:0,MentalHealthAnomalyDetector.detect
FN:295,297,MentalHealthAnomalyDetector.get_categories
FNDA:0,MentalHealthAnomalyDetector.get_categories
FN:326,340,_AnomalyDetectorSingleton.get_instance
FNDA:0,_AnomalyDetectorSingleton.get_instance
FN:343,354,get_anomaly_detector
FNDA:0,get_anomaly_detector
FN:358,365,get_crisis_service
FNDA:0,get_crisis_service
FNF:11
FNH:0
end_of_record
SF:foresight_mcp/decay_model.py
DA:21,1
DA:23,1
DA:24,1
DA:25,1
DA:26,1
DA:27,1
DA:28,1
DA:30,1
DA:31,1
DA:32,1
DA:34,1
DA:36,1
DA:37,1
DA:39,1
DA:40,1
DA:41,1
DA:42,1
DA:43,1
DA:49,1
DA:52,1
DA:56,1
DA:57,1
DA:60,1
DA:61,1
DA:62,1
DA:63,1
DA:64,1
DA:65,1
DA:66,1
DA:67,1
DA:69,1
DA:70,0
DA:81,1
DA:82,1
DA:83,0
DA:86,1
DA:87,1
DA:90,1
DA:91,1
DA:92,1
DA:93,1
DA:94,1
DA:95,1
DA:96,1
DA:97,1
DA:98,1
DA:99,1
DA:101,1
DA:102,0
DA:116,1
DA:117,1
DA:120,1
DA:121,1
DA:122,1
DA:123,1
DA:124,1
DA:125,1
DA:127,1
DA:128,0
DA:138,1
DA:139,1
DA:142,1
DA:143,1
DA:144,1
DA:145,1
DA:146,1
DA:149,1
DA:150,1
DA:153,1
DA:154,1
DA:155,1
DA:156,1
DA:157,1
DA:158,1
DA:159,1
DA:162,1
DA:163,1
DA:166,1
DA:167,1
DA:168,1
DA:169,1
DA:170,1
DA:171,1
DA:172,1
DA:173,1
DA:176,1
DA:185,1
DA:186,0
DA:187,0
DA:188,0
DA:194,1
DA:195,0
DA:196,0
DA:197,0
DA:198,0
DA:200,1
DA:201,0
DA:202,0
DA:203,0
DA:219,0
DA:225,0
DA:231,0
DA:233,0
DA:234,0
DA:236,1
DA:237,1
DA:238,0
DA:239,0
DA:240,0
DA:241,0
DA:243,1
DA:244,1
DA:245,0
DA:247,1
DA:248,1
DA:254,0
DA:255,0
DA:256,0
DA:257,0
DA:258,0
DA:259,0
DA:260,0
DA:262,1
DA:263,1
DA:264,0
DA:265,0
DA:266,0
DA:272,1
DA:279,0
DA:280,0
DA:281,0
DA:282,0
DA:283,0
DA:292,0
DA:293,0
DA:294,0
DA:305,0
DA:306,0
DA:308,1
DA:323,0
DA:324,0
DA:325,0
DA:326,0
DA:327,0
DA:328,0
DA:330,0
DA:331,0
DA:332,0
DA:344,0
DA:345,0
DA:346,0
DA:347,0
DA:348,0
DA:349,0
DA:350,0
DA:351,0
DA:352,0
DA:353,0
DA:355,0
DA:356,0
DA:357,0
DA:382,0
DA:384,0
DA:385,0
DA:386,0
DA:388,1
DA:395,0
DA:396,0
DA:397,0
DA:398,0
DA:399,0
DA:410,0
DA:411,0
DA:412,0
DA:426,0
DA:427,0
DA:429,1
DA:437,0
DA:438,0
DA:439,0
DA:440,0
DA:441,0
DA:450,0
DA:451,0
DA:453,0
DA:454,0
DA:455,0
DA:456,0
DA:457,0
DA:458,0
DA:459,0
DA:460,0
DA:466,0
DA:489,0
DA:502,0
DA:503,0
DA:514,0
DA:515,0
DA:517,1
DA:525,0
DA:526,0
DA:527,0
DA:528,0
DA:529,0
DA:530,0
DA:531,0
DA:532,0
DA:533,0
DA:534,0
DA:535,0
DA:536,0
DA:547,0
DA:548,0
DA:549,0
DA:550,0
DA:561,0
DA:562,0
DA:563,0
DA:564,0
DA:565,0
DA:566,0
DA:567,0
DA:569,0
DA:570,0
DA:572,1
DA:573,0
DA:574,0
DA:575,0
DA:576,0
DA:577,0
DA:578,0
DA:579,0
DA:580,0
DA:582,0
DA:583,0
DA:584,0
DA:585,0
DA:587,0
DA:588,0
DA:589,0
DA:590,0
DA:596,0
DA:613,0
DA:626,0
DA:627,0
DA:628,0
DA:630,1
DA:631,1
DA:632,0
DA:652,1
DA:660,0
DA:661,0
DA:662,0
DA:663,0
DA:664,0
DA:665,0
DA:666,0
DA:667,0
DA:680,0
DA:692,0
DA:708,0
DA:709,0
DA:717,1
DA:720,1
DA:721,1
DA:723,1
DA:724,1
DA:726,0
DA:727,0
DA:728,0
DA:729,0
DA:730,0
DA:731,0
DA:733,1
DA:734,1
DA:736,0
DA:737,0
DA:740,1
DA:749,0
DA:752,1
DA:754,0
LF:281
LH:111
FN:69,79,DecayConfig.to_dict
FNDA:0,DecayConfig.to_dict
FN:82,83,DecayConfig.defaults
FNDA:0,DecayConfig.defaults
FN:101,113,StrengthEvent.to_dict
FNDA:0,StrengthEvent.to_dict
FN:127,135,DecayStats.to_dict
FNDA:0,DecayStats.to_dict
FN:185,188,MemoryDecayService.__init__
FNDA:0,MemoryDecayService.__init__
FN:194,198,MemoryDecayService._connect
FNDA:0,MemoryDecayService._connect
FN:200,234,MemoryDecayService._ensure_tables
FNDA:0,MemoryDecayService._ensure_tables
FN:237,241,MemoryDecayService._validate_ids
FNDA:0,MemoryDecayService._validate_ids
FN:244,245,MemoryDecayService._parse_iso
FNDA:0,MemoryDecayService._parse_iso
FN:248,260,MemoryDecayService._compute_trend
FNDA:0,MemoryDecayService._compute_trend
FN:263,266,MemoryDecayService._compute_decay_factor
FNDA:0,MemoryDecayService._compute_decay_factor
FN:272,306,MemoryDecayService.get_decay_config
FNDA:0,MemoryDecayService.get_decay_config
FN:308,386,MemoryDecayService.set_decay_config
FNDA:0,MemoryDecayService.set_decay_config
FN:388,427,MemoryDecayService.get_memory_strength
FNDA:0,MemoryDecayService.get_memory_strength
FN:429,515,MemoryDecayService.reinforce_memory
FNDA:0,MemoryDecayService.reinforce_memory
FN:517,570,MemoryDecayService.apply_decay_batch
FNDA:0,MemoryDecayService.apply_decay_batch
FN:572,628,MemoryDecayService._apply_decay_to_row
FNDA:0,MemoryDecayService._apply_decay_to_row
FN:631,650,MemoryDecayService._insert_event
FNDA:0,MemoryDecayService._insert_event
FN:652,709,MemoryDecayService.get_decay_events
FNDA:0,MemoryDecayService.get_decay_events
FN:724,731,_DecayModelSingleton.get_instance
FNDA:0,_DecayModelSingleton.get_instance
FN:734,737,_DecayModelSingleton.reset
FNDA:0,_DecayModelSingleton.reset
FN:740,749,get_decay_model
FNDA:0,get_decay_model
FN:752,754,reset_decay_model
FNDA:0,reset_decay_model
FNF:23
FNH:0
end_of_record
SF:foresight_mcp/document_layer.py
DA:20,1
DA:22,1
DA:23,1
DA:24,1
DA:25,1
DA:26,1
DA:27,1
DA:28,1
DA:29,1
DA:30,1
DA:32,1
DA:33,1
DA:34,1
DA:37,1
DA:38,1
DA:41,1
DA:42,1
DA:43,1
DA:44,1
DA:45,1
DA:48,1
DA:50,1
DA:51,1
DA:52,1
DA:53,1
DA:54,1
DA:55,1
DA:56,1
DA:57,1
DA:58,1
DA:60,1
DA:63,1
DA:67,1
DA:68,0
DA:69,0
DA:70,0
DA:71,0
DA:74,1
DA:75,0
DA:76,0
DA:79,1
DA:80,0
DA:81,0
DA:84,1
DA:85,0
DA:86,0
DA:89,1
DA:91,0
DA:94,1
DA:95,1
DA:98,1
DA:99,1
DA:100,1
DA:101,1
DA:102,1
DA:103,1
DA:105,1
DA:106,0
DA:116,1
DA:117,1
DA:120,1
DA:121,1
DA:122,1
DA:123,1
DA:124,1
DA:125,1
DA:126,1
DA:127,1
DA:128,1
DA:129,1
DA:130,1
DA:131,1
DA:133,1
DA:134,0
DA:149,1
DA:159,0
DA:160,0
DA:161,0
DA:163,0
DA:164,0
DA:165,0
DA:166,0
DA:167,0
DA:168,0
DA:169,0
DA:170,0
DA:171,0
DA:172,0
DA:173,0
DA:174,0
DA:175,0
DA:176,0
DA:177,0
DA:178,0
DA:179,0
DA:181,0
DA:182,0
DA:183,0
DA:184,0
DA:185,0
DA:187,0
DA:189,0
DA:190,0
DA:191,0
DA:192,0
DA:193,0
DA:194,0
DA:196,0
DA:197,0
DA:198,0
DA:199,0
DA:200,0
DA:201,0
DA:202,0
DA:203,0
DA:204,0
DA:205,0
DA:206,0
DA:207,0
DA:208,0
DA:209,0
DA:211,0
DA:212,0
DA:215,1
DA:228,0
DA:229,0
DA:242,1
DA:245,1
DA:246,0
DA:247,0
DA:248,0
DA:250,1
DA:251,0
DA:252,0
DA:253,0
DA:254,0
DA:256,1
DA:257,0
DA:258,0
DA:259,0
DA:278,0
DA:296,0
DA:299,0
DA:300,0
DA:303,0
DA:304,0
DA:306,0
DA:307,0
DA:308,0
DA:310,1
DA:312,0
DA:313,0
DA:314,0
DA:315,0
DA:316,0
DA:317,0
DA:318,0
DA:319,0
DA:321,1
DA:325,0
DA:326,0
DA:327,0
DA:328,0
DA:329,0
DA:330,0
DA:331,0
DA:332,0
DA:333,0
DA:335,0
DA:336,0
DA:346,0
DA:348,1
DA:369,0
DA:370,0
DA:377,0
DA:378,0
DA:379,0
DA:380,0
DA:382,0
DA:383,0
DA:384,0
DA:386,0
DA:388,0
DA:389,0
DA:390,0
DA:391,0
DA:398,0
DA:399,0
DA:401,0
DA:425,0
DA:426,0
DA:446,0
DA:448,0
DA:449,0
DA:450,0
DA:452,0
DA:454,0
DA:468,0
DA:470,1
DA:476,0
DA:477,0
DA:478,0
DA:479,0
DA:480,0
DA:481,0
DA:482,0
DA:493,0
DA:494,0
DA:495,0
DA:497,0
DA:498,0
DA:499,0
DA:500,0
DA:501,0
DA:502,0
DA:503,0
DA:504,0
DA:505,0
DA:520,1
DA:526,0
DA:527,0
DA:528,0
DA:529,0
DA:530,0
DA:531,0
DA:532,0
DA:543,0
DA:544,0
DA:545,0
DA:547,0
DA:548,0
DA:560,1
DA:567,0
DA:568,0
DA:569,0
DA:570,0
DA:571,0
DA:572,0
DA:586,0
DA:587,0
DA:588,0
DA:590,0
DA:591,0
DA:592,0
DA:593,0
DA:594,0
DA:595,0
DA:596,0
DA:597,0
DA:598,0
DA:612,0
DA:620,0
DA:622,1
DA:628,0
DA:629,0
DA:630,0
DA:631,0
DA:632,0
DA:633,0
DA:634,0
DA:635,0
DA:642,0
DA:643,0
DA:645,0
DA:646,0
DA:647,0
DA:649,0
DA:652,1
DA:655,1
DA:656,1
DA:658,1
DA:659,1
DA:661,0
DA:662,0
DA:663,0
DA:664,0
DA:666,1
DA:667,1
DA:669,0
DA:670,0
DA:673,1
DA:675,0
DA:678,1
DA:680,0
LF:284
LH:83
FN:67,71,_validate_user_tenant
FNDA:0,_validate_user_tenant
FN:74,76,_validate_memory_id
FNDA:0,_validate_memory_id
FN:79,81,_validate_source
FNDA:0,_validate_source
FN:84,86,_validate_budget
FNDA:0,_validate_budget
FN:89,91,content_hash
FNDA:0,content_hash
FN:105,113,DocumentChunk.to_dict
FNDA:0,DocumentChunk.to_dict
FN:133,146,Document.to_dict
FNDA:0,Document.to_dict
FN:149,212,chunk_text
FNDA:0,chunk_text
FN:187,194,chunk_text._flush
FNDA:0,chunk_text._flush
FN:215,239,extract_memories_from_text
FNDA:0,extract_memories_from_text
FN:245,248,DocumentStore.__init__
FNDA:0,DocumentStore.__init__
FN:250,254,DocumentStore._connect
FNDA:0,DocumentStore._connect
FN:256,308,DocumentStore._ensure_tables
FNDA:0,DocumentStore._ensure_tables
FN:310,319,DocumentStore._validate_create_params
FNDA:0,DocumentStore._validate_create_params
FN:321,346,DocumentStore._create_chunks
FNDA:0,DocumentStore._create_chunks
FN:348,468,DocumentStore.create_document
FNDA:0,DocumentStore.create_document
FN:470,518,DocumentStore.get_document
FNDA:0,DocumentStore.get_document
FN:520,558,DocumentStore.list_chunks
FNDA:0,DocumentStore.list_chunks
FN:560,620,DocumentStore.get_memory_source
FNDA:0,DocumentStore.get_memory_source
FN:622,649,DocumentStore.delete_document
FNDA:0,DocumentStore.delete_document
FN:659,664,_DocumentStoreSingleton.get_instance
FNDA:0,_DocumentStoreSingleton.get_instance
FN:667,670,_DocumentStoreSingleton.reset
FNDA:0,_DocumentStoreSingleton.reset
FN:673,675,get_document_store
FNDA:0,get_document_store
FN:678,680,reset_document_store
FNDA:0,reset_document_store
FNF:24
FNH:0
end_of_record
SF:foresight_mcp/embedding_validation.py
DA:14,1
DA:15,1
DA:16,1
DA:19,1
DA:29,1
DA:40,1
DA:44,1
DA:45,1
DA:48,1
DA:49,1
DA:51,1
DA:53,0
DA:54,0
DA:55,0
DA:57,0
DA:60,1
DA:79,0
DA:82,0
DA:83,0
DA:89,0
DA:90,0
DA:91,0
DA:92,0
DA:93,0
DA:94,0
DA:95,0
DA:98,0
DA:99,0
DA:105,0
DA:108,1
DA:124,0
DA:126,0
DA:127,0
DA:128,0
DA:129,0
DA:130,0
DA:132,0
DA:135,1
DA:145,0
DA:149,1
DA:150,1
LF:41
LH:16
FN:51,57,EmbeddingConfig.__post_init__
FNDA:0,EmbeddingConfig.__post_init__
FN:60,105,validate_embedding_dimension
FNDA:0,validate_embedding_dimension
FN:108,132,validate_embedding_vectors
FNDA:0,validate_embedding_vectors
FN:135,145,get_embedding_dimension
FNDA:0,get_embedding_dimension
FNF:4
FNH:0
end_of_record
SF:foresight_mcp/enhanced_synthesizer.py
DA:11,1
DA:13,1
DA:14,1
DA:15,1
DA:16,1
DA:17,1
DA:18,1
DA:20,1
DA:21,1
DA:23,1
DA:26,1
DA:27,1
DA:37,1
DA:38,1
DA:39,1
DA:40,1
DA:41,1
DA:42,1
DA:43,1
DA:44,1
DA:46,1
DA:48,0
DA:60,1
DA:61,1
DA:71,1
DA:72,1
DA:73,1
DA:74,1
DA:75,1
DA:76,1
DA:77,1
DA:79,1
DA:81,0
DA:92,1
DA:93,1
DA:100,1
DA:101,1
DA:102,1
DA:103,1
DA:104,1
DA:105,1
DA:107,1
DA:109,0
DA:119,1
DA:120,1
DA:130,1
DA:131,1
DA:132,1
DA:133,1
DA:136,1
DA:137,1
DA:138,1
DA:140,1
DA:142,0
DA:153,1
DA:163,1
DA:193,1
DA:210,0
DA:211,0
DA:212,0
DA:213,0
DA:214,0
DA:216,1
DA:231,0
DA:232,0
DA:233,0
DA:235,0
DA:237,0
DA:238,0
DA:239,0
DA:242,0
DA:245,0
DA:248,0
DA:250,0
DA:260,0
DA:261,0
DA:262,0
DA:264,1
DA:271,0
DA:272,0
DA:274,0
DA:276,0
DA:277,0
DA:278,0
DA:281,0
DA:282,0
DA:283,0
DA:284,0
DA:285,0
DA:287,0
DA:288,0
DA:289,0
DA:292,0
DA:293,0
DA:294,0
DA:295,0
DA:298,0
DA:299,0
DA:300,0
DA:302,0
DA:315,0
DA:317,1
DA:323,0
DA:326,0
DA:328,0
DA:329,0
DA:330,0
DA:333,0
DA:338,0
DA:339,0
DA:341,0
DA:342,0
DA:344,0
DA:356,0
DA:358,1
DA:366,0
DA:369,0
DA:370,0
DA:371,0
DA:383,0
DA:384,0
DA:385,0
DA:400,0
DA:402,1
DA:409,0
DA:412,0
DA:426,0
DA:427,0
DA:428,0
DA:430,0
DA:431,0
DA:432,0
DA:433,0
DA:434,0
DA:436,0
DA:438,1
DA:447,0
DA:448,0
DA:450,0
DA:451,0
DA:453,0
DA:454,0
DA:456,0
DA:458,1
DA:465,0
DA:466,0
DA:468,0
DA:469,0
DA:470,0
DA:472,0
DA:474,1
DA:483,0
DA:484,0
DA:486,0
DA:487,0
DA:488,0
DA:489,0
DA:490,0
DA:491,0
DA:493,0
DA:495,0
DA:497,1
DA:504,0
DA:505,0
DA:507,0
DA:508,0
DA:511,0
DA:512,0
DA:515,0
DA:516,0
DA:518,0
DA:519,0
DA:521,0
DA:524,0
DA:525,0
DA:526,0
DA:528,0
DA:530,0
DA:532,1
DA:534,0
DA:535,0
DA:540,0
DA:541,0
DA:547,0
DA:553,1
DA:555,0
DA:563,1
DA:564,1
DA:567,1
DA:569,0
DA:570,0
DA:571,0
DA:572,0
DA:573,0
DA:576,1
DA:578,0
DA:579,0
LF:197
LH:68
FN:46,57,Contradiction.to_dict
FNDA:0,Contradiction.to_dict
FN:79,89,TemporalTrend.to_dict
FNDA:0,TemporalTrend.to_dict
FN:107,116,Insight.to_dict
FNDA:0,Insight.to_dict
FN:140,150,EnhancedSynthesisResult.to_dict
FNDA:0,EnhancedSynthesisResult.to_dict
FN:193,214,EnhancedMemorySynthesizer.__init__
FNDA:0,EnhancedMemorySynthesizer.__init__
FN:216,262,EnhancedMemorySynthesizer.synthesize
FNDA:0,EnhancedMemorySynthesizer.synthesize
FN:264,315,EnhancedMemorySynthesizer._detect_contradictions
FNDA:0,EnhancedMemorySynthesizer._detect_contradictions
FN:317,356,EnhancedMemorySynthesizer._analyze_temporal_trends
FNDA:0,EnhancedMemorySynthesizer._analyze_temporal_trends
FN:358,400,EnhancedMemorySynthesizer._generate_insights
FNDA:0,EnhancedMemorySynthesizer._generate_insights
FN:402,436,EnhancedMemorySynthesizer._cluster_by_topic
FNDA:0,EnhancedMemorySynthesizer._cluster_by_topic
FN:438,456,EnhancedMemorySynthesizer._compute_overlap_score
FNDA:0,EnhancedMemorySynthesizer._compute_overlap_score
FN:458,472,EnhancedMemorySynthesizer._find_sentiment_conflict
FNDA:0,EnhancedMemorySynthesizer._find_sentiment_conflict
FN:474,495,EnhancedMemorySynthesizer._extract_metric_value
FNDA:0,EnhancedMemorySynthesizer._extract_metric_value
FN:497,530,EnhancedMemorySynthesizer._calculate_slope
FNDA:0,EnhancedMemorySynthesizer._calculate_slope
FN:532,551,EnhancedMemorySynthesizer._format_contradiction_insight
FNDA:0,EnhancedMemorySynthesizer._format_contradiction_insight
FN:553,559,EnhancedMemorySynthesizer._format_trend_insight
FNDA:0,EnhancedMemorySynthesizer._format_trend_insight
FN:567,573,get_enhanced_synthesizer
FNDA:0,get_enhanced_synthesizer
FN:576,579,reset_enhanced_synthesizer
FNDA:0,reset_enhanced_synthesizer
FNF:18
FNH:0
end_of_record
SF:foresight_mcp/entity_extractor.py
DA:26,1
DA:28,1
DA:29,1
DA:30,1
DA:31,1
DA:32,1
DA:33,1
DA:34,1
DA:35,1
DA:37,1
DA:40,1
DA:41,1
DA:43,1
DA:44,0
DA:45,0
DA:46,0
DA:48,1
DA:49,1
DA:54,1
DA:55,1
DA:58,1
DA:59,1
DA:60,1
DA:61,1
DA:62,1
DA:63,1
DA:65,1
DA:66,0
DA:68,1
DA:70,0
DA:79,1
DA:80,1
DA:82,0
DA:92,1
DA:93,1
DA:96,1
DA:97,1
DA:98,1
DA:99,1
DA:100,1
DA:102,1
DA:103,0
DA:105,1
DA:107,0
DA:115,1
DA:116,1
DA:118,0
DA:127,1
DA:128,1
DA:131,1
DA:132,1
DA:134,1
DA:136,0
DA:142,1
DA:153,1
DA:197,1
DA:210,1
DA:222,1
DA:225,1
DA:230,1
DA:231,1
DA:234,1
DA:236,1
DA:240,1
DA:257,0
DA:258,0
DA:259,0
DA:260,0
DA:262,1
DA:264,0
DA:265,0
DA:266,0
DA:268,1
DA:281,0
DA:282,0
DA:284,0
DA:285,0
DA:286,0
DA:287,0
DA:288,0
DA:289,0
DA:291,0
DA:293,1
DA:300,0
DA:301,0
DA:303,0
DA:304,0
DA:306,0
DA:307,0
DA:308,0
DA:311,0
DA:312,0
DA:313,0
DA:314,0
DA:315,0
DA:316,0
DA:317,0
DA:318,0
DA:330,0
DA:331,0
DA:332,0
DA:344,0
DA:345,0
DA:347,0
DA:357,0
DA:368,0
DA:369,0
DA:371,1
DA:384,0
DA:385,0
DA:387,0
DA:388,0
DA:389,0
DA:391,0
DA:392,0
DA:406,0
DA:408,0
DA:409,0
DA:412,0
DA:413,0
DA:414,0
DA:416,0
DA:418,0
DA:430,0
DA:432,0
DA:433,0
DA:434,0
DA:435,0
DA:436,0
DA:445,0
DA:446,0
DA:448,0
DA:449,0
DA:450,0
DA:451,0
DA:452,0
DA:453,0
DA:455,0
DA:456,0
DA:458,0
DA:459,0
DA:460,0
DA:468,1
DA:471,1
DA:472,1
DA:474,1
DA:475,1
DA:477,0
DA:478,0
DA:479,0
DA:480,0
DA:482,1
DA:483,1
DA:485,0
DA:486,0
DA:489,1
DA:494,0
DA:497,1
DA:499,0
LF:159
LH:67
FN:65,66,Entity.__post_init__
FNDA:0,Entity.__post_init__
FN:68,77,Entity.to_dict
FNDA:0,Entity.to_dict
FN:80,89,Entity.from_dict
FNDA:0,Entity.from_dict
FN:102,103,Relationship.__post_init__
FNDA:0,Relationship.__post_init__
FN:105,113,Relationship.to_dict
FNDA:0,Relationship.to_dict
FN:116,124,Relationship.from_dict
FNDA:0,Relationship.from_dict
FN:134,139,ExtractionResult.to_dict
FNDA:0,ExtractionResult.to_dict
FN:240,260,EntityExtractor.__init__
FNDA:0,EntityExtractor.__init__
FN:262,266,EntityExtractor._generate_entity_id
FNDA:0,EntityExtractor._generate_entity_id
FN:268,291,EntityExtractor.extract
FNDA:0,EntityExtractor.extract
FN:293,369,EntityExtractor._extract_rules_based
FNDA:0,EntityExtractor._extract_rules_based
FN:306,308,EntityExtractor._extract_rules_based._is_negated
FNDA:0,EntityExtractor._extract_rules_based._is_negated
FN:371,460,EntityExtractor.extract_with_llm
FNDA:0,EntityExtractor.extract_with_llm
FN:475,480,_EntityExtractorSingleton.get_instance
FNDA:0,_EntityExtractorSingleton.get_instance
FN:483,486,_EntityExtractorSingleton.reset
FNDA:0,_EntityExtractorSingleton.reset
FN:489,494,get_entity_extractor
FNDA:0,get_entity_extractor
FN:497,499,reset_entity_extractor
FNDA:0,reset_entity_extractor
FNF:17
FNH:0
end_of_record
SF:foresight_mcp/event_bus.py
DA:6,1
DA:8,1
DA:9,1
DA:10,1
DA:11,1
DA:12,1
DA:13,1
DA:14,1
DA:15,1
DA:16,1
DA:17,1
DA:18,1
DA:20,1
DA:21,1
DA:23,1
DA:30,1
DA:34,1
DA:35,1
DA:36,1
DA:37,1
DA:40,1
DA:41,1
DA:42,1
DA:45,1
DA:46,1
DA:47,1
DA:48,1
DA:49,1
DA:52,1
DA:55,1
DA:58,1
DA:66,1
DA:67,1
DA:81,1
DA:82,1
DA:83,1
DA:84,1
DA:85,1
DA:86,1
DA:87,1
DA:89,1
DA:91,0
DA:101,1
DA:102,1
DA:104,0
DA:119,1
DA:127,1
DA:135,1
DA:141,0
DA:142,0
DA:144,0
DA:145,0
DA:147,1
DA:149,0
DA:151,1
DA:153,0
DA:154,0
DA:156,0
DA:157,0
DA:158,0
DA:171,0
DA:172,0
DA:173,0
DA:174,0
DA:175,0
DA:176,0
DA:177,0
DA:178,0
DA:179,0
DA:180,0
DA:181,0
DA:183,0
DA:185,1
DA:187,0
DA:188,0
DA:189,0
DA:190,0
DA:203,0
DA:205,0
DA:207,1
DA:211,0
DA:212,0
DA:213,0
DA:214,0
DA:219,0
DA:220,0
DA:221,0
DA:222,0
DA:223,0
DA:224,0
DA:225,0
DA:227,1
DA:231,0
DA:232,0
DA:233,0
DA:234,0
DA:239,0
DA:240,0
DA:241,0
DA:242,0
DA:243,0
DA:244,0
DA:245,0
DA:247,1
DA:251,0
DA:252,0
DA:253,0
DA:254,0
DA:259,0
DA:260,0
DA:261,0
DA:262,0
DA:263,0
DA:264,0
DA:265,0
DA:267,1
DA:269,0
DA:270,0
DA:271,0
DA:272,0
DA:277,0
DA:278,0
DA:279,0
DA:280,0
DA:281,0
DA:282,0
DA:283,0
DA:285,1
DA:297,0
DA:298,0
DA:299,0
DA:300,0
DA:301,0
DA:306,0
DA:310,0
DA:311,0
DA:312,0
DA:313,0
DA:315,0
DA:317,1
DA:319,0
DA:322,0
DA:323,0
DA:332,0
DA:333,0
DA:334,0
DA:341,1
DA:344,1
DA:356,1
DA:367,1
DA:368,1
DA:369,1
DA:370,1
DA:372,1
DA:374,1
DA:375,1
DA:377,1
DA:384,1
DA:385,1
DA:388,1
DA:389,1
DA:390,1
DA:391,0
DA:392,0
DA:396,1
DA:397,1
DA:398,1
DA:399,0
DA:400,0
DA:401,0
DA:402,0
DA:404,1
DA:406,0
DA:407,0
DA:408,0
DA:409,0
DA:411,1
DA:413,0
DA:414,0
DA:415,0
DA:417,1
DA:419,0
DA:420,0
DA:421,0
DA:422,0
DA:423,0
DA:431,1
DA:434,1
DA:435,1
DA:436,1
DA:438,1
DA:439,1
DA:445,1
DA:446,1
DA:447,1
DA:448,1
DA:449,1
DA:450,1
DA:451,1
DA:453,1
DA:454,1
DA:456,1
DA:457,1
DA:458,1
DA:461,1
DA:467,1
DA:470,1
DA:472,1
DA:480,1
DA:485,0
DA:497,1
DA:499,0
DA:507,1
DA:509,0
DA:517,1
DA:519,0
DA:527,1
DA:529,0
DA:538,1
DA:540,0
DA:548,1
DA:550,0
DA:558,1
DA:560,0
DA:568,1
DA:575,0
DA:582,0
DA:583,0
DA:584,0
DA:588,1
DA:590,0
DA:599,1
DA:601,0
LF:233
LH:110
FN:89,99,Event.to_dict
FNDA:0,Event.to_dict
FN:102,112,Event.from_dict
FNDA:0,Event.from_dict
FN:135,145,EventStore.__init__
FNDA:0,EventStore.__init__
FN:147,149,EventStore._connect
FNDA:0,EventStore._connect
FN:151,183,EventStore._init_db
FNDA:0,EventStore._init_db
FN:185,205,EventStore.append
FNDA:0,EventStore.append
FN:207,225,EventStore.get_by_entity
FNDA:0,EventStore.get_by_entity
FN:227,245,EventStore.get_by_type
FNDA:0,EventStore.get_by_type
FN:247,265,EventStore.get_by_time_range
FNDA:0,EventStore.get_by_time_range
FN:267,283,EventStore.get_all
FNDA:0,EventStore.get_all
FN:285,315,EventStore.purge_old_events
FNDA:0,EventStore.purge_old_events
FN:317,334,EventStore._row_to_event
FNDA:0,EventStore._row_to_event
FN:356,370,EventBus.__init__
FNDA:1,EventBus.__init__
FN:372,375,EventBus.set_stream_publisher
FNDA:1,EventBus.set_stream_publisher
FN:377,402,EventBus.publish
FNDA:1,EventBus.publish
FN:404,409,EventBus.subscribe
FNDA:0,EventBus.subscribe
FN:411,415,EventBus.unsubscribe
FNDA:0,EventBus.unsubscribe
FN:417,423,EventBus.replay
FNDA:0,EventBus.replay
FN:439,451,_EventBusSingleton.get_instance
FNDA:1,_EventBusSingleton.get_instance
FN:454,458,_EventBusSingleton.reset
FNDA:1,_EventBusSingleton.reset
FN:461,467,get_event_bus
FNDA:1,get_event_bus
FN:470,472,reset_event_bus
FNDA:1,reset_event_bus
FN:480,493,_make_event
FNDA:0,_make_event
FN:497,504,memory_stored
FNDA:0,memory_stored
FN:507,514,memory_retrieved
FNDA:0,memory_retrieved
FN:517,524,memory_updated
FNDA:0,memory_updated
FN:527,534,memory_deleted
FNDA:0,memory_deleted
FN:538,545,block_created
FNDA:0,block_created
FN:548,555,block_updated
FNDA:0,block_updated
FN:558,565,block_deleted
FNDA:0,block_deleted
FN:568,584,curation_status_changed
FNDA:0,curation_status_changed
FN:588,595,anomaly_detected
FNDA:0,anomaly_detected
FN:599,606,system_error
FNDA:0,system_error
FNF:33
FNH:7
end_of_record
SF:foresight_mcp/ghost_cleanup.py
DA:7,0
DA:8,0
DA:9,0
DA:11,0
DA:12,0
DA:14,0
DA:17,0
DA:18,0
DA:21,0
DA:22,0
DA:23,0
DA:24,0
DA:25,0
DA:28,0
DA:42,0
DA:44,0
DA:51,0
DA:52,0
DA:54,0
DA:69,0
DA:70,0
DA:72,0
DA:74,0
DA:75,0
DA:77,0
DA:79,0
DA:89,0
DA:90,0
DA:91,0
DA:92,0
DA:94,0
DA:95,0
DA:96,0
DA:99,0
DA:108,0
DA:109,0
DA:112,0
DA:113,0
DA:114,0
DA:123,0
DA:124,0
DA:126,0
DA:127,0
DA:129,0
DA:130,0
DA:133,0
DA:144,0
DA:145,0
DA:146,0
DA:147,0
DA:150,0
DA:152,0
DA:153,0
DA:155,0
DA:162,0
DA:164,0
DA:177,0
DA:178,0
DA:180,0
DA:182,0
DA:193,0
DA:196,0
DA:208,0
DA:210,0
DA:225,0
DA:229,0
DA:232,0
DA:233,0
DA:235,0
DA:236,0
DA:238,0
DA:239,0
DA:240,0
DA:241,0
DA:242,0
DA:243,0
DA:246,0
DA:251,0
DA:254,0
DA:256,0
LF:80
LH:0
FN:44,52,GhostMemoryCleanup.__init__
FNDA:0,GhostMemoryCleanup.__init__
FN:54,162,GhostMemoryCleanup.cleanup_old_ghosts
FNDA:0,GhostMemoryCleanup.cleanup_old_ghosts
FN:164,225,GhostMemoryCleanup.get_ghost_statistics
FNDA:0,GhostMemoryCleanup.get_ghost_statistics
FN:236,243,_GhostCleanupSingleton.get_instance
FNDA:0,_GhostCleanupSingleton.get_instance
FN:246,251,get_ghost_cleanup
FNDA:0,get_ghost_cleanup
FN:254,256,run_ghost_cleanup
FNDA:0,run_ghost_cleanup
FNF:6
FNH:0
end_of_record
SF:foresight_mcp/graph_edge_decay.py
DA:12,0
DA:13,0
DA:14,0
DA:16,0
DA:17,0
DA:19,0
DA:22,0
DA:23,0
DA:26,0
DA:27,0
DA:28,0
DA:29,0
DA:32,0
DA:43,0
DA:44,0
DA:45,0
DA:47,0
DA:60,0
DA:61,0
DA:62,0
DA:64,0
DA:76,0
DA:77,0
DA:78,0
DA:81,0
DA:82,0
DA:84,0
DA:99,0
DA:101,0
DA:102,0
DA:104,0
DA:107,0
DA:119,0
DA:120,0
DA:122,0
DA:125,0
DA:133,0
DA:134,0
DA:137,0
DA:139,0
DA:144,0
DA:146,0
DA:161,0
DA:163,0
DA:164,0
DA:166,0
DA:168,0
DA:177,0
DA:180,0
DA:189,0
DA:191,0
DA:194,0
DA:196,0
DA:197,0
DA:199,0
DA:201,0
DA:215,0
DA:216,0
DA:218,0
DA:219,0
DA:227,0
DA:229,0
DA:231,0
DA:246,0
DA:247,0
DA:249,0
DA:250,0
DA:258,0
DA:259,0
DA:261,0
DA:265,0
DA:268,0
DA:269,0
DA:271,0
DA:272,0
DA:274,0
DA:275,0
DA:276,0
DA:277,0
DA:278,0
DA:279,0
DA:282,0
DA:287,0
DA:290,0
DA:292,0
DA:295,0
DA:297,0
LF:87
LH:0
FN:47,62,GraphEdgeDecay.__init__
FNDA:0,GraphEdgeDecay.__init__
FN:64,82,GraphEdgeDecay.calculate_decay_factor
FNDA:0,GraphEdgeDecay.calculate_decay_factor
FN:84,144,GraphEdgeDecay.update_edge_decay
FNDA:0,GraphEdgeDecay.update_edge_decay
FN:146,199,GraphEdgeDecay.prune_stale_edges
FNDA:0,GraphEdgeDecay.prune_stale_edges
FN:201,229,GraphEdgeDecay.update_edge_on_access
FNDA:0,GraphEdgeDecay.update_edge_on_access
FN:231,261,GraphEdgeDecay.get_edge_effective_confidence
FNDA:0,GraphEdgeDecay.get_edge_effective_confidence
FN:272,279,_GraphEdgeDecaySingleton.get_instance
FNDA:0,_GraphEdgeDecaySingleton.get_instance
FN:282,287,get_graph_edge_decay
FNDA:0,get_graph_edge_decay
FN:290,292,run_edge_decay_update
FNDA:0,run_edge_decay_update
FN:295,297,run_edge_pruning
FNDA:0,run_edge_pruning
FNF:10
FNH:0
end_of_record
SF:foresight_mcp/graph_store.py
DA:11,1
DA:13,1
DA:14,1
DA:15,1
DA:16,1
DA:17,1
DA:18,1
DA:20,1
DA:21,1
DA:22,1
DA:23,1
DA:24,1
DA:26,1
DA:28,1
DA:29,1
DA:30,1
DA:33,1
DA:36,0
DA:39,1
DA:41,0
DA:42,0
DA:43,0
DA:44,0
DA:45,0
DA:48,1
DA:49,1
DA:52,1
DA:53,1
DA:54,1
DA:57,1
DA:68,1
DA:75,0
DA:76,0
DA:78,1
DA:80,0
DA:81,0
DA:82,0
DA:83,0
DA:85,0
DA:87,0
DA:104,0
DA:126,0
DA:139,0
DA:170,0
DA:187,0
DA:189,0
DA:192,0
DA:193,0
DA:194,0
DA:195,0
DA:196,0
DA:198,0
DA:199,0
DA:200,0
DA:201,0
DA:203,0
DA:204,0
DA:205,0
DA:206,0
DA:208,0
DA:209,0
DA:211,0
DA:212,0
DA:213,0
DA:214,0
DA:216,0
DA:222,1
DA:228,0
DA:229,0
DA:231,0
DA:232,0
DA:233,0
DA:234,0
DA:236,0
DA:237,0
DA:238,0
DA:239,0
DA:240,0
DA:242,0
DA:243,0
DA:245,1
DA:246,1
DA:248,0
DA:263,0
DA:269,0
DA:270,0
DA:272,1
DA:273,1
DA:275,0
DA:295,0
DA:301,0
DA:302,0
DA:308,1
DA:310,0
DA:311,0
DA:312,0
DA:313,0
DA:314,0
DA:315,0
DA:316,0
DA:337,0
DA:338,0
DA:341,0
DA:343,1
DA:345,0
DA:346,0
DA:347,0
DA:348,0
DA:349,0
DA:350,0
DA:351,0
DA:360,0
DA:361,0
DA:362,0
DA:364,0
DA:373,0
DA:375,1
DA:383,0
DA:384,0
DA:385,0
DA:386,0
DA:387,0
DA:388,0
DA:389,0
DA:400,0
DA:412,0
DA:414,1
DA:422,0
DA:423,0
DA:424,0
DA:425,0
DA:426,0
DA:427,0
DA:428,0
DA:429,0
DA:439,0
DA:451,0
DA:457,1
DA:459,0
DA:460,0
DA:461,0
DA:462,0
DA:463,0
DA:464,0
DA:465,0
DA:482,0
DA:485,0
DA:487,1
DA:495,0
DA:496,0
DA:497,0
DA:498,0
DA:499,0
DA:500,0
DA:501,0
DA:502,0
DA:510,0
DA:511,0
DA:520,0
DA:529,0
DA:541,0
DA:547,1
DA:556,0
DA:557,0
DA:558,0
DA:559,0
DA:560,0
DA:561,0
DA:562,0
DA:563,0
DA:564,0
DA:565,0
DA:567,0
DA:611,0
DA:626,0
DA:637,0
DA:638,0
DA:640,0
DA:641,0
DA:645,0
DA:649,0
DA:650,0
DA:651,0
DA:652,0
DA:653,0
DA:654,0
DA:655,0
DA:656,0
DA:657,0
DA:668,0
DA:670,0
DA:681,0
DA:683,0
DA:686,0
DA:692,1
DA:701,0
DA:702,0
DA:703,0
DA:704,0
DA:705,0
DA:706,0
DA:707,0
DA:708,0
DA:709,0
DA:718,0
DA:721,0
DA:723,1
DA:731,0
DA:732,0
DA:733,0
DA:734,0
DA:735,0
DA:736,0
DA:737,0
DA:747,0
DA:750,0
DA:752,1
DA:761,0
DA:762,0
DA:763,0
DA:764,0
DA:765,0
DA:766,0
DA:767,0
DA:800,0
DA:803,0
DA:809,1
DA:816,0
DA:817,0
DA:819,0
DA:820,0
DA:824,1
DA:825,1
DA:828,1
DA:830,0
DA:831,0
DA:832,0
DA:833,0
DA:834,0
DA:835,0
DA:838,1
DA:840,0
DA:841,0
LF:243
LH:46
FN:33,36,_escape_like
FNDA:0,_escape_like
FN:39,45,_validate_input
FNDA:0,_validate_input
FN:68,76,GraphStore.__init__
FNDA:0,GraphStore.__init__
FN:78,216,GraphStore._init_db
FNDA:0,GraphStore._init_db
FN:222,243,GraphStore._migrate_add_tenant_id
FNDA:0,GraphStore._migrate_add_tenant_id
FN:246,270,GraphStore._rebuild_entities_table
FNDA:0,GraphStore._rebuild_entities_table
FN:273,302,GraphStore._rebuild_relationships_table
FNDA:0,GraphStore._rebuild_relationships_table
FN:308,341,GraphStore.upsert_entity
FNDA:0,GraphStore.upsert_entity
FN:343,373,GraphStore.get_entity
FNDA:0,GraphStore.get_entity
FN:375,412,GraphStore.get_entities_by_type
FNDA:0,GraphStore.get_entities_by_type
FN:414,451,GraphStore.find_entities_by_name
FNDA:0,GraphStore.find_entities_by_name
FN:457,485,GraphStore.add_relationship
FNDA:0,GraphStore.add_relationship
FN:487,541,GraphStore.get_relationships
FNDA:0,GraphStore.get_relationships
FN:547,686,GraphStore.traverse_graph
FNDA:0,GraphStore.traverse_graph
FN:692,721,GraphStore.link_memory_to_entities
FNDA:0,GraphStore.link_memory_to_entities
FN:723,750,GraphStore.get_memories_for_entity
FNDA:0,GraphStore.get_memories_for_entity
FN:752,803,GraphStore.find_related_memories
FNDA:0,GraphStore.find_related_memories
FN:809,820,GraphStore.process_extraction_result
FNDA:0,GraphStore.process_extraction_result
FN:828,835,get_graph_store
FNDA:0,get_graph_store
FN:838,841,reset_graph_store
FNDA:0,reset_graph_store
FNF:20
FNH:0
end_of_record
SF:foresight_mcp/hooks.py
DA:10,1
DA:12,1
DA:13,1
DA:14,1
DA:15,1
DA:16,1
DA:17,1
DA:18,1
DA:19,1
DA:20,1
DA:21,1
DA:22,1
DA:23,1
DA:25,1
DA:26,1
DA:28,1
DA:33,1
DA:34,1
DA:35,1
DA:38,1
DA:39,1
DA:42,1
DA:43,1
DA:44,1
DA:47,1
DA:48,1
DA:51,1
DA:52,1
DA:53,1
DA:54,1
DA:57,1
DA:65,1
DA:68,1
DA:69,1
DA:70,1
DA:73,1
DA:74,1
DA:92,1
DA:93,1
DA:94,1
DA:95,1
DA:96,1
DA:97,1
DA:98,1
DA:99,1
DA:100,1
DA:101,1
DA:102,1
DA:104,1
DA:106,0
DA:126,1
DA:133,1
DA:139,0
DA:140,0
DA:142,0
DA:143,0
DA:145,1
DA:147,0
DA:148,0
DA:150,0
DA:151,0
DA:152,0
DA:168,0
DA:169,0
DA:171,0
DA:172,0
DA:173,0
DA:174,0
DA:175,0
DA:176,0
DA:177,0
DA:178,0
DA:179,0
DA:181,1
DA:183,0
DA:184,0
DA:185,0
DA:186,0
DA:207,0
DA:208,0
DA:210,1
DA:212,0
DA:213,0
DA:214,0
DA:215,0
DA:216,0
DA:217,0
DA:218,0
DA:220,1
DA:222,0
DA:223,0
DA:224,0
DA:225,0
DA:228,0
DA:229,0
DA:231,1
DA:233,0
DA:234,0
DA:235,0
DA:236,0
DA:237,0
DA:238,0
DA:240,1
DA:245,0
DA:246,0
DA:266,1
DA:278,1
DA:280,0
DA:286,0
DA:287,0
DA:292,0
DA:293,0
DA:294,0
DA:295,0
DA:296,0
DA:297,0
DA:300,0
DA:301,0
DA:303,1
DA:305,0
DA:306,0
DA:308,1
DA:310,0
DA:313,0
DA:315,0
DA:317,0
DA:318,0
DA:321,0
DA:322,0
DA:323,0
DA:324,0
DA:328,0
DA:329,0
DA:335,0
DA:336,0
DA:337,0
DA:338,0
DA:339,0
DA:340,0
DA:342,0
DA:343,0
DA:344,0
DA:345,0
DA:350,1
DA:352,0
DA:353,0
DA:354,0
DA:356,0
DA:357,0
DA:359,0
DA:360,0
DA:361,0
DA:362,0
DA:363,0
DA:364,0
DA:366,0
DA:367,0
DA:368,0
DA:369,0
DA:370,0
DA:371,0
DA:373,0
DA:378,0
DA:379,0
DA:381,0
DA:382,0
DA:383,0
DA:385,1
DA:392,0
DA:393,0
DA:394,0
DA:395,0
DA:396,0
DA:397,0
DA:398,0
DA:400,0
DA:401,0
DA:403,1
DA:405,0
DA:406,0
DA:407,0
DA:408,0
DA:409,0
DA:410,0
DA:411,0
DA:413,0
DA:414,0
DA:416,1
DA:418,0
DA:419,0
DA:420,0
DA:421,0
DA:422,0
DA:424,0
DA:425,0
DA:426,0
DA:427,0
DA:429,1
DA:431,0
DA:434,0
DA:435,0
DA:436,0
DA:437,0
DA:439,1
DA:441,0
DA:443,0
DA:444,0
DA:445,0
DA:446,0
DA:448,1
DA:451,0
DA:452,0
DA:462,0
DA:465,0
DA:466,0
DA:467,0
DA:468,0
DA:469,0
DA:470,0
DA:471,0
DA:472,0
DA:474,0
DA:475,0
DA:476,0
DA:477,0
DA:479,0
DA:480,0
DA:481,0
DA:483,0
DA:484,0
DA:485,0
DA:487,1
DA:489,0
DA:490,0
DA:491,0
DA:493,1
DA:495,0
DA:496,0
DA:497,0
DA:499,1
DA:508,0
DA:509,0
DA:510,0
DA:511,0
DA:521,0
DA:522,0
DA:530,1
DA:533,1
DA:535,1
DA:536,1
DA:538,0
DA:539,0
DA:540,0
DA:542,1
DA:543,1
DA:545,0
DA:546,0
DA:547,0
DA:550,1
DA:552,0
DA:555,1
DA:557,0
DA:564,1
DA:567,1
DA:568,1
DA:570,0
DA:571,0
DA:573,0
DA:574,0
DA:576,0
DA:577,0
DA:578,0
DA:579,0
DA:580,0
DA:581,0
DA:582,0
DA:583,0
DA:584,0
DA:586,0
DA:589,1
DA:590,1
DA:611,0
DA:612,0
DA:613,0
DA:614,0
DA:617,0
DA:618,0
DA:619,0
DA:620,0
DA:621,0
DA:623,0
DA:625,0
DA:626,0
DA:627,0
DA:629,0
DA:630,0
DA:631,0
DA:633,0
DA:636,1
DA:637,1
DA:644,0
DA:645,0
DA:646,0
DA:647,0
LF:304
LH:86
FN:104,118,HookRegistration.to_dict
FNDA:0,HookRegistration.to_dict
FN:133,143,HookRegistry.__init__
FNDA:0,HookRegistry.__init__
FN:145,179,HookRegistry._init_db
FNDA:0,HookRegistry._init_db
FN:181,208,HookRegistry.register
FNDA:0,HookRegistry.register
FN:210,218,HookRegistry.unregister
FNDA:0,HookRegistry.unregister
FN:220,229,HookRegistry.get_by_event_type
FNDA:0,HookRegistry.get_by_event_type
FN:231,238,HookRegistry.get_all
FNDA:0,HookRegistry.get_all
FN:240,258,HookRegistry._row_to_hook
FNDA:0,HookRegistry._row_to_hook
FN:278,301,HookExecutor.__init__
FNDA:0,HookExecutor.__init__
FN:303,306,HookExecutor._subscribe_to_events
FNDA:0,HookExecutor._subscribe_to_events
FN:308,348,HookExecutor._execute_hooks
FNDA:0,HookExecutor._execute_hooks
FN:350,383,HookExecutor._ensure_background_loop
FNDA:0,HookExecutor._ensure_background_loop
FN:359,371,HookExecutor._ensure_background_loop._run_loop
FNDA:0,HookExecutor._ensure_background_loop._run_loop
FN:385,401,HookExecutor._log_future_result
FNDA:0,HookExecutor._log_future_result
FN:403,414,HookExecutor._submit_coroutine
FNDA:0,HookExecutor._submit_coroutine
FN:416,427,HookExecutor.close
FNDA:0,HookExecutor.close
FN:429,437,HookExecutor._execute_callable
FNDA:0,HookExecutor._execute_callable
FN:439,446,HookExecutor._execute_async
FNDA:0,HookExecutor._execute_async
FN:448,485,HookExecutor._execute_http
FNDA:0,HookExecutor._execute_http
FN:487,491,HookExecutor.register_callable
FNDA:0,HookExecutor.register_callable
FN:493,497,HookExecutor.register_async
FNDA:0,HookExecutor.register_async
FN:499,522,HookExecutor.register_http_hook
FNDA:0,HookExecutor.register_http_hook
FN:536,540,_HookExecutorSingleton.get_instance
FNDA:0,_HookExecutorSingleton.get_instance
FN:543,547,_HookExecutorSingleton.reset
FNDA:0,_HookExecutorSingleton.reset
FN:550,552,get_hook_executor
FNDA:0,get_hook_executor
FN:555,557,reset_hook_executor
FNDA:0,reset_hook_executor
FN:568,586,list_hooks
FNDA:0,list_hooks
FN:590,633,register_hook
FNDA:0,register_hook
FN:637,647,unregister_hook
FNDA:0,unregister_hook
FNF:29
FNH:0
end_of_record
SF:foresight_mcp/hybrid_retriever.py
DA:25,1
DA:27,1
DA:28,1
DA:29,1
DA:30,1
DA:31,1
DA:32,1
DA:33,1
DA:35,1
DA:36,1
DA:38,1
DA:41,1
DA:42,1
DA:45,1
DA:46,1
DA:47,1
DA:48,1
DA:49,1
DA:50,1
DA:51,1
DA:52,1
DA:55,1
DA:56,1
DA:59,1
DA:61,0
DA:64,1
DA:66,0
DA:67,0
DA:68,0
DA:69,0
DA:72,1
DA:73,1
DA:76,1
DA:77,1
DA:78,1
DA:79,1
DA:80,1
DA:81,1
DA:83,1
DA:84,1
DA:85,1
DA:86,1
DA:87,1
DA:88,1
DA:90,1
DA:92,1
DA:93,0
DA:110,1
DA:111,1
DA:114,1
DA:115,1
DA:116,1
DA:118,1
DA:119,0
DA:126,1
DA:143,1
DA:148,1
DA:155,1
DA:160,0
DA:161,0
DA:162,0
DA:163,0
DA:164,0
DA:165,0
DA:166,0
DA:167,0
DA:168,0
DA:173,0
DA:174,0
DA:175,0
DA:177,1
DA:179,0
DA:180,0
DA:181,0
DA:182,0
DA:184,1
DA:204,0
DA:205,0
DA:208,0
DA:211,0
DA:212,0
DA:213,0
DA:214,0
DA:215,0
DA:218,0
DA:219,0
DA:220,0
DA:221,0
DA:222,0
DA:223,0
DA:226,0
DA:227,0
DA:228,0
DA:229,0
DA:232,0
DA:233,0
DA:234,0
DA:235,0
DA:236,0
DA:239,0
DA:240,0
DA:252,0
DA:255,0
DA:256,0
DA:259,0
DA:270,0
DA:282,1
DA:295,0
DA:296,0
DA:297,0
DA:300,0
DA:302,0
DA:303,0
DA:305,0
DA:317,0
DA:320,0
DA:321,0
DA:322,0
DA:323,0
DA:324,0
DA:325,0
DA:326,0
DA:327,0
DA:329,0
DA:330,0
DA:332,1
DA:350,0
DA:352,0
DA:353,0
DA:355,0
DA:356,0
DA:363,0
DA:364,0
DA:366,0
DA:371,0
DA:372,0
DA:374,0
DA:375,0
DA:376,0
DA:377,0
DA:379,0
DA:381,0
DA:389,0
DA:390,0
DA:391,0
DA:393,0
DA:395,1
DA:401,0
DA:402,0
DA:404,1
DA:405,1
DA:407,0
DA:408,0
DA:409,0
DA:410,0
DA:411,0
DA:413,1
DA:414,1
DA:416,0
DA:417,0
DA:418,0
DA:419,0
DA:420,0
DA:421,0
DA:422,0
DA:423,0
DA:424,0
DA:426,1
DA:443,0
DA:444,0
DA:445,0
DA:447,0
DA:448,0
DA:449,0
DA:451,0
DA:452,0
DA:454,0
DA:456,0
DA:460,0
DA:462,0
DA:463,0
DA:464,0
DA:465,0
DA:467,1
DA:476,0
DA:478,1
DA:492,0
DA:493,0
DA:494,0
DA:496,0
DA:499,0
DA:500,0
DA:501,0
DA:502,0
DA:503,0
DA:504,0
DA:505,0
DA:511,0
DA:513,0
DA:519,0
DA:521,0
DA:523,0
DA:525,0
DA:526,0
DA:530,0
DA:531,0
DA:546,0
DA:547,0
DA:549,1
DA:565,0
DA:578,0
DA:579,0
DA:580,0
DA:582,0
DA:583,0
DA:585,0
DA:586,0
DA:588,0
DA:589,0
DA:590,0
DA:591,0
DA:592,0
DA:594,0
DA:595,0
DA:596,0
DA:603,0
DA:604,0
DA:606,0
DA:607,0
DA:609,1
DA:623,0
DA:624,0
DA:625,0
DA:626,0
DA:627,0
DA:629,0
DA:631,0
DA:632,0
DA:634,0
DA:635,0
DA:636,0
DA:637,0
DA:638,0
DA:639,0
DA:640,0
DA:641,0
DA:643,0
DA:645,0
DA:647,1
DA:649,0
DA:650,0
DA:651,0
DA:653,1
DA:661,0
DA:662,0
DA:664,0
DA:665,0
DA:676,0
DA:687,1
DA:689,0
DA:690,0
DA:691,0
DA:693,0
DA:695,1
DA:697,0
DA:698,0
DA:699,0
DA:701,0
DA:703,1
DA:705,0
DA:706,0
DA:707,0
DA:709,0
DA:711,1
DA:713,0
DA:714,0
DA:715,0
DA:717,0
DA:719,1
DA:732,0
DA:733,0
DA:734,0
DA:735,0
DA:736,0
DA:738,0
DA:749,0
DA:750,0
DA:751,0
DA:752,0
DA:753,0
DA:754,0
DA:757,0
DA:758,0
DA:759,0
DA:760,0
DA:761,0
DA:762,0
DA:763,0
DA:765,0
DA:766,0
DA:768,1
DA:775,0
DA:776,0
DA:778,0
DA:779,0
DA:780,0
DA:782,0
DA:786,1
DA:789,1
DA:790,1
DA:792,1
DA:793,1
DA:795,0
DA:796,0
DA:797,0
DA:798,0
DA:799,0
DA:800,0
DA:802,1
DA:803,1
DA:805,0
DA:806,0
DA:809,1
DA:814,0
DA:817,1
DA:819,0
LF:326
LH:82
FN:59,61,_escape_like
FNDA:0,_escape_like
FN:64,69,_validate_input
FNDA:0,_validate_input
FN:92,107,HybridResult.to_dict
FNDA:0,HybridResult.to_dict
FN:118,123,HybridSearchResult.to_dict
FNDA:0,HybridSearchResult.to_dict
FN:155,175,HybridRetriever.__init__
FNDA:0,HybridRetriever.__init__
FN:177,182,HybridRetriever._get_connection
FNDA:0,HybridRetriever._get_connection
FN:184,280,HybridRetriever.search
FNDA:0,HybridRetriever.search
FN:282,330,HybridRetriever._keyword_search
FNDA:0,HybridRetriever._keyword_search
FN:332,393,HybridRetriever._build_tfidf_cache
FNDA:0,HybridRetriever._build_tfidf_cache
FN:395,402,HybridRetriever.invalidate_tfidf_cache
FNDA:0,HybridRetriever.invalidate_tfidf_cache
FN:405,411,HybridRetriever._tfidf_vector
FNDA:0,HybridRetriever._tfidf_vector
FN:414,424,HybridRetriever._cosine_similarity
FNDA:0,HybridRetriever._cosine_similarity
FN:426,465,HybridRetriever._tfidf_cosine_search
FNDA:0,HybridRetriever._tfidf_cosine_search
FN:467,476,HybridRetriever._semantic_search
FNDA:0,HybridRetriever._semantic_search
FN:478,547,HybridRetriever._graph_search
FNDA:0,HybridRetriever._graph_search
FN:549,607,HybridRetriever._temporal_search
FNDA:0,HybridRetriever._temporal_search
FN:609,645,HybridRetriever._reciprocal_rank_fusion
FNDA:0,HybridRetriever._reciprocal_rank_fusion
FN:647,651,HybridRetriever._rank_to_score
FNDA:0,HybridRetriever._rank_to_score
FN:653,685,HybridRetriever._fetch_memories
FNDA:0,HybridRetriever._fetch_memories
FN:687,693,HybridRetriever._run_keyword_search
FNDA:0,HybridRetriever._run_keyword_search
FN:695,701,HybridRetriever._run_tfidf_search
FNDA:0,HybridRetriever._run_tfidf_search
FN:703,709,HybridRetriever._run_graph_search
FNDA:0,HybridRetriever._run_graph_search
FN:711,717,HybridRetriever._run_temporal_search
FNDA:0,HybridRetriever._run_temporal_search
FN:719,766,HybridRetriever._build_results
FNDA:0,HybridRetriever._build_results
FN:768,782,HybridRetriever._fetch_memories_for_top_ids
FNDA:0,HybridRetriever._fetch_memories_for_top_ids
FN:793,800,_HybridRetrieverSingleton.get_instance
FNDA:0,_HybridRetrieverSingleton.get_instance
FN:803,806,_HybridRetrieverSingleton.reset
FNDA:0,_HybridRetrieverSingleton.reset
FN:809,814,get_hybrid_retriever
FNDA:0,get_hybrid_retriever
FN:817,819,reset_hybrid_retriever
FNDA:0,reset_hybrid_retriever
FNF:29
FNH:0
end_of_record
SF:foresight_mcp/llm_client.py
DA:23,0
DA:25,0
DA:26,0
DA:27,0
DA:28,0
DA:29,0
DA:30,0
DA:31,0
DA:32,0
DA:33,0
DA:35,0
DA:36,0
DA:37,0
DA:38,0
DA:40,0
DA:51,0
DA:58,0
DA:60,0
DA:68,0
DA:69,0
DA:75,0
DA:76,0
DA:77,0
DA:78,0
DA:79,0
DA:80,0
DA:82,0
DA:83,0
DA:88,0
DA:89,0
DA:90,0
DA:91,0
DA:92,0
DA:95,0
DA:96,0
DA:97,0
DA:98,0
DA:101,0
DA:102,0
DA:103,0
DA:104,0
DA:105,0
DA:107,0
DA:116,0
DA:118,0
DA:119,0
DA:120,0
DA:121,0
DA:122,0
DA:123,0
DA:124,0
DA:132,0
DA:135,0
DA:136,0
DA:138,0
DA:148,0
DA:159,0
DA:160,0
DA:161,0
DA:162,0
DA:163,0
DA:164,0
DA:165,0
DA:166,0
DA:168,0
DA:169,0
DA:170,0
DA:171,0
DA:172,0
DA:173,0
DA:174,0
DA:175,0
DA:176,0
DA:177,0
DA:178,0
DA:179,0
DA:182,0
DA:184,0
DA:185,0
DA:186,0
DA:187,0
DA:188,0
DA:189,0
DA:192,0
DA:194,0
DA:195,0
DA:196,0
DA:197,0
DA:199,0
DA:207,0
DA:219,0
DA:221,0
DA:222,0
DA:223,0
DA:225,0
DA:226,0
DA:228,0
DA:230,0
DA:231,0
DA:232,0
DA:234,0
DA:235,0
DA:236,0
DA:238,0
DA:239,0
DA:240,0
DA:242,0
DA:244,0
DA:245,0
DA:246,0
DA:247,0
DA:249,0
DA:250,0
DA:256,0
DA:257,0
DA:258,0
DA:259,0
DA:261,0
DA:265,0
DA:275,0
DA:277,0
DA:286,0
DA:288,0
DA:301,0
DA:302,0
DA:303,0
DA:304,0
DA:309,0
DA:310,0
DA:312,0
DA:334,0
DA:335,0
DA:337,0
DA:339,0
DA:340,0
DA:342,0
DA:343,0
DA:347,0
DA:349,0
DA:350,0
DA:351,0
DA:352,0
DA:353,0
DA:355,0
DA:357,0
DA:358,0
DA:359,0
DA:361,0
DA:367,0
DA:368,0
DA:369,0
DA:371,0
DA:372,0
DA:373,0
DA:374,0
DA:376,0
DA:377,0
DA:378,0
DA:379,0
DA:381,0
DA:382,0
DA:383,0
DA:384,0
DA:387,0
DA:388,0
DA:403,0
DA:408,0
DA:409,0
DA:410,0
DA:411,0
DA:412,0
DA:413,0
DA:416,0
DA:426,0
LF:174
LH:0
FN:58,60,_hash_payload
FNDA:0,_hash_payload
FN:83,114,LLMConfig.from_env
FNDA:0,LLMConfig.from_env
FN:116,124,LLMConfig.model_for_provider
FNDA:0,LLMConfig.model_for_provider
FN:138,140,LLMClient.complete
FNDA:0,LLMClient.complete
FN:148,199,_retry_with_backoff
FNDA:0,_retry_with_backoff
FN:221,223,TenantLLMClient.__init__
FNDA:0,TenantLLMClient.__init__
FN:226,228,TenantLLMClient.from_env
FNDA:0,TenantLLMClient.from_env
FN:231,232,TenantLLMClient.provider
FNDA:0,TenantLLMClient.provider
FN:235,236,TenantLLMClient.model
FNDA:0,TenantLLMClient.model
FN:239,240,TenantLLMClient.tenant_id
FNDA:0,TenantLLMClient.tenant_id
FN:242,263,TenantLLMClient._build_provider
FNDA:0,TenantLLMClient._build_provider
FN:265,299,TenantLLMClient._emit_audit
FNDA:0,TenantLLMClient._emit_audit
FN:301,310,TenantLLMClient._truncate_prompt
FNDA:0,TenantLLMClient._truncate_prompt
FN:312,395,TenantLLMClient.generate
FNDA:0,TenantLLMClient.generate
FN:357,359,TenantLLMClient.generate.call
FNDA:0,TenantLLMClient.generate.call
FN:403,413,get_default_client
FNDA:0,get_default_client
FN:416,426,default_llm_call
FNDA:0,default_llm_call
FNF:17
FNH:0
end_of_record
SF:foresight_mcp/llm_errors.py
DA:7,0
DA:10,0
DA:14,0
DA:18,0
DA:22,0
DA:26,0
LF:6
LH:0
end_of_record
SF:foresight_mcp/llm_providers/__init__.py
DA:7,0
DA:8,0
DA:10,0
LF:3
LH:0
end_of_record
SF:foresight_mcp/llm_providers/anthropic.py
DA:7,0
DA:9,0
DA:10,0
DA:11,0
DA:12,0
DA:13,0
DA:15,0
DA:17,0
DA:18,0
DA:19,0
DA:22,0
DA:23,0
DA:25,0
DA:26,0
DA:27,0
DA:28,0
DA:29,0
DA:30,0
DA:31,0
DA:32,0
DA:34,0
DA:35,0
DA:36,0
DA:37,0
DA:38,0
DA:39,0
DA:41,0
DA:42,0
DA:43,0
DA:44,0
DA:45,0
DA:47,0
DA:52,0
DA:53,0
DA:63,0
DA:64,0
DA:65,0
DA:66,0
DA:67,0
DA:68,0
DA:69,0
DA:70,0
DA:72,0
DA:73,0
DA:74,0
DA:75,0
DA:77,0
DA:78,0
DA:79,0
DA:81,0
DA:82,0
DA:83,0
DA:84,0
DA:85,0
DA:87,0
DA:90,0
LF:56
LH:0
FN:25,32,AnthropicClient.__init__
FNDA:0,AnthropicClient.__init__
FN:35,39,AnthropicClient.from_env
FNDA:0,AnthropicClient.from_env
FN:41,87,AnthropicClient.complete
FNDA:0,AnthropicClient.complete
FNF:3
FNH:0
end_of_record
SF:foresight_mcp/llm_providers/openai.py
DA:7,0
DA:9,0
DA:10,0
DA:11,0
DA:12,0
DA:13,0
DA:15,0
DA:17,0
DA:18,0
DA:21,0
DA:22,0
DA:24,0
DA:25,0
DA:26,0
DA:27,0
DA:28,0
DA:29,0
DA:30,0
DA:31,0
DA:33,0
DA:34,0
DA:35,0
DA:36,0
DA:37,0
DA:38,0
DA:40,0
DA:41,0
DA:42,0
DA:43,0
DA:44,0
DA:46,0
DA:51,0
DA:52,0
DA:61,0
DA:62,0
DA:63,0
DA:64,0
DA:65,0
DA:66,0
DA:67,0
DA:68,0
DA:70,0
DA:71,0
DA:72,0
DA:73,0
DA:75,0
DA:76,0
DA:77,0
DA:79,0
DA:80,0
DA:81,0
DA:82,0
DA:83,0
DA:84,0
DA:85,0
DA:87,0
DA:90,0
LF:57
LH:0
FN:24,31,OpenAIClient.__init__
FNDA:0,OpenAIClient.__init__
FN:34,38,OpenAIClient.from_env
FNDA:0,OpenAIClient.from_env
FN:40,87,OpenAIClient.complete
FNDA:0,OpenAIClient.complete
FNF:3
FNH:0
end_of_record
SF:foresight_mcp/memory_components.py
DA:6,1
DA:8,1
DA:9,1
DA:11,1
DA:12,1
DA:15,1
DA:22,1
DA:29,0
DA:31,1
DA:42,0
DA:44,0
DA:46,0
DA:50,0
DA:51,0
DA:52,0
DA:53,0
DA:54,0
DA:56,0
DA:57,0
DA:58,0
DA:60,0
DA:61,0
DA:62,0
DA:65,0
DA:66,0
DA:67,0
DA:68,0
DA:70,0
DA:72,0
DA:74,0
DA:77,1
DA:84,1
DA:85,0
DA:87,1
DA:98,0
DA:100,0
DA:101,0
DA:104,0
DA:105,0
DA:107,0
DA:108,0
DA:109,0
DA:110,0
DA:111,0
DA:112,0
DA:113,0
DA:115,0
DA:116,0
DA:119,0
DA:120,0
DA:121,0
DA:123,0
DA:125,0
DA:127,0
DA:135,1
DA:142,1
DA:143,0
DA:144,0
DA:146,1
DA:157,0
DA:158,0
DA:160,0
DA:162,0
DA:163,0
DA:166,0
DA:168,0
DA:169,0
DA:174,0
DA:176,0
DA:183,0
DA:184,0
DA:186,1
DA:188,0
DA:191,0
DA:192,0
DA:194,1
DA:196,0
DA:198,0
DA:199,0
DA:202,0
DA:203,0
DA:204,0
DA:216,0
DA:217,0
DA:218,0
DA:229,0
DA:231,1
DA:233,0
DA:234,0
DA:236,0
DA:237,0
DA:240,0
DA:241,0
DA:243,0
DA:244,0
DA:245,0
DA:247,0
DA:249,1
DA:251,0
DA:252,0
DA:253,0
DA:254,0
DA:255,0
DA:256,0
DA:258,0
DA:259,0
DA:262,0
DA:265,0
DA:266,0
DA:267,0
DA:270,0
DA:272,1
DA:274,0
DA:275,0
DA:276,0
DA:278,0
DA:283,1
DA:285,0
DA:288,1
DA:295,1
DA:306,0
DA:307,0
DA:309,1
DA:320,0
DA:321,0
DA:323,0
DA:324,0
DA:325,0
DA:326,0
DA:328,0
DA:330,1
DA:332,0
DA:333,0
DA:334,0
DA:335,0
LF:135
LH:24
FN:22,29,MemoryCrisisTagger.__init__
FNDA:0,MemoryCrisisTagger.__init__
FN:31,74,MemoryCrisisTagger.tag_memory
FNDA:0,MemoryCrisisTagger.tag_memory
FN:84,85,SocraticGate.__init__
FNDA:0,SocraticGate.__init__
FN:87,132,SocraticGate.evaluate
FNDA:0,SocraticGate.evaluate
FN:142,144,MemorySynthesizer.__init__
FNDA:0,MemorySynthesizer.__init__
FN:146,184,MemorySynthesizer.synthesize
FNDA:0,MemorySynthesizer.synthesize
FN:186,192,MemorySynthesizer._split_recent_and_historic
FNDA:0,MemorySynthesizer._split_recent_and_historic
FN:194,229,MemorySynthesizer._detect_stance_shifts
FNDA:0,MemorySynthesizer._detect_stance_shifts
FN:231,247,MemorySynthesizer._identify_merge_candidates
FNDA:0,MemorySynthesizer._identify_merge_candidates
FN:249,270,MemorySynthesizer._calculate_importance
FNDA:0,MemorySynthesizer._calculate_importance
FN:272,281,MemorySynthesizer._avg_empathy
FNDA:0,MemorySynthesizer._avg_empathy
FN:283,285,MemorySynthesizer._generate_synthesis_id
FNDA:0,MemorySynthesizer._generate_synthesis_id
FN:295,307,MemoryLinker.link_vector
FNDA:0,MemoryLinker.link_vector
FN:309,328,MemoryLinker.to_ghost
FNDA:0,MemoryLinker.to_ghost
FN:330,335,MemoryLinker._generate_gist
FNDA:0,MemoryLinker._generate_gist
FNF:15
FNH:0
end_of_record
SF:foresight_mcp/memory_relationships.py
DA:16,1
DA:18,1
DA:19,1
DA:20,1
DA:21,1
DA:22,1
DA:23,1
DA:24,1
DA:26,1
DA:27,1
DA:28,1
DA:31,1
DA:32,1
DA:35,1
DA:36,1
DA:37,1
DA:40,1
DA:42,1
DA:53,1
DA:54,1
DA:55,1
DA:56,1
DA:59,1
DA:63,1
DA:64,1
DA:67,1
DA:68,1
DA:69,1
DA:70,1
DA:71,1
DA:72,1
DA:73,1
DA:74,1
DA:75,1
DA:77,1
DA:78,0
DA:81,1
DA:82,1
DA:85,1
DA:86,1
DA:87,1
DA:88,1
DA:91,1
DA:92,0
DA:93,0
DA:94,0
DA:95,0
DA:98,1
DA:99,0
DA:100,0
DA:103,1
DA:104,0
DA:105,0
DA:110,1
DA:111,0
DA:112,0
DA:113,0
DA:114,0
DA:117,1
DA:118,0
DA:119,0
DA:120,0
DA:121,0
DA:122,0
DA:125,1
DA:128,1
DA:129,0
DA:130,0
DA:132,1
DA:133,0
DA:134,0
DA:135,0
DA:136,0
DA:138,1
DA:139,0
DA:140,0
DA:141,0
DA:161,0
DA:165,0
DA:169,0
DA:173,0
DA:175,0
DA:176,0
DA:177,0
DA:179,0
DA:181,1
DA:195,0
DA:196,0
DA:201,0
DA:202,0
DA:203,0
DA:204,0
DA:205,0
DA:206,0
DA:207,0
DA:208,0
DA:209,0
DA:211,0
DA:212,0
DA:213,0
DA:214,0
DA:215,0
DA:240,0
DA:249,0
DA:251,0
DA:252,0
DA:253,0
DA:255,0
DA:257,0
DA:258,0
DA:260,0
DA:272,1
DA:281,0
DA:282,0
DA:283,0
DA:284,0
DA:285,0
DA:286,0
DA:287,0
DA:289,0
DA:290,0
DA:292,0
DA:293,0
DA:294,0
DA:295,0
DA:296,0
DA:297,0
DA:299,0
DA:300,0
DA:302,0
DA:303,0
DA:304,0
DA:306,0
DA:313,0
DA:314,0
DA:315,0
DA:317,0
DA:318,0
DA:319,0
DA:321,0
DA:323,0
DA:324,0
DA:325,0
DA:326,0
DA:327,0
DA:328,0
DA:329,0
DA:330,0
DA:343,0
DA:345,1
DA:358,0
DA:359,0
DA:360,0
DA:361,0
DA:362,0
DA:363,0
DA:364,0
DA:366,0
DA:367,0
DA:368,0
DA:395,0
DA:396,0
DA:397,0
DA:399,0
DA:400,0
DA:402,0
DA:403,0
DA:415,0
DA:430,0
DA:431,0
DA:432,0
DA:434,0
DA:436,0
DA:444,1
DA:447,1
DA:449,1
DA:450,1
DA:452,0
DA:453,0
DA:454,0
DA:456,1
DA:457,1
DA:459,0
DA:462,1
DA:464,0
DA:467,1
DA:469,0
LF:187
LH:61
FN:77,78,MemoryRelationship.to_dict
FNDA:0,MemoryRelationship.to_dict
FN:91,95,_validate_user_tenant
FNDA:0,_validate_user_tenant
FN:98,100,_validate_memory_id
FNDA:0,_validate_memory_id
FN:103,107,_validate_relationship_type
FNDA:0,_validate_relationship_type
FN:110,114,_validate_confidence
FNDA:0,_validate_confidence
FN:117,122,_validate_metadata
FNDA:0,_validate_metadata
FN:128,130,MemoryRelationshipStore.__init__
FNDA:0,MemoryRelationshipStore.__init__
FN:132,136,MemoryRelationshipStore._connect
FNDA:0,MemoryRelationshipStore._connect
FN:138,179,MemoryRelationshipStore._ensure_table
FNDA:0,MemoryRelationshipStore._ensure_table
FN:181,270,MemoryRelationshipStore.link_memories
FNDA:0,MemoryRelationshipStore.link_memories
FN:272,343,MemoryRelationshipStore.get_relationships_for_memory
FNDA:0,MemoryRelationshipStore.get_relationships_for_memory
FN:345,441,MemoryRelationshipStore.traverse_memory_graph
FNDA:0,MemoryRelationshipStore.traverse_memory_graph
FN:450,454,_MemoryRelationshipStoreSingleton.get_instance
FNDA:0,_MemoryRelationshipStoreSingleton.get_instance
FN:457,459,_MemoryRelationshipStoreSingleton.reset
FNDA:0,_MemoryRelationshipStoreSingleton.reset
FN:462,464,get_memory_relationship_store
FNDA:0,get_memory_relationship_store
FN:467,469,reset_memory_relationship_store
FNDA:0,reset_memory_relationship_store
FNF:16
FNH:0
end_of_record
SF:foresight_mcp/memory_types.py
DA:6,1
DA:8,1
DA:9,1
DA:10,1
DA:11,1
DA:14,1
DA:17,1
DA:20,1
DA:21,1
DA:24,1
DA:25,1
DA:26,1
DA:27,1
DA:28,1
DA:30,1
DA:31,0
DA:39,1
DA:40,1
DA:41,0
DA:50,1
DA:51,1
DA:54,1
DA:55,1
DA:56,1
DA:58,1
DA:59,0
DA:65,1
DA:66,1
DA:67,0
DA:74,1
DA:75,1
DA:81,1
DA:82,1
DA:83,1
DA:84,1
DA:85,1
DA:86,1
DA:87,1
DA:88,1
DA:89,1
DA:90,1
DA:91,1
DA:92,1
DA:94,1
DA:95,0
DA:105,0
DA:106,0
DA:107,0
DA:108,0
DA:109,0
DA:110,0
DA:111,0
DA:112,0
DA:113,0
DA:115,1
DA:116,1
DA:117,0
DA:118,0
DA:119,0
DA:121,0
DA:122,0
DA:123,0
DA:125,0
DA:140,1
DA:141,1
DA:150,0
DA:161,1
DA:162,1
DA:168,1
DA:169,1
DA:170,1
DA:171,1
DA:172,1
DA:173,1
DA:175,1
DA:176,0
DA:186,1
DA:187,1
DA:193,1
DA:194,1
DA:195,1
DA:196,1
DA:198,1
DA:199,0
DA:208,1
DA:211,1
DA:212,1
DA:218,1
DA:219,1
DA:220,1
DA:221,1
DA:223,1
DA:224,0
LF:93
LH:68
FN:30,37,EmotionalMetadata.to_dict
FNDA:0,EmotionalMetadata.to_dict
FN:40,47,EmotionalMetadata.from_dict
FNDA:0,EmotionalMetadata.from_dict
FN:58,63,EmpathyMetrics.to_dict
FNDA:0,EmpathyMetrics.to_dict
FN:66,71,EmpathyMetrics.from_dict
FNDA:0,EmpathyMetrics.from_dict
FN:94,113,MemoryObject.to_dict
FNDA:0,MemoryObject.to_dict
FN:116,138,MemoryObject.from_dict
FNDA:0,MemoryObject.from_dict
FN:141,158,MemoryObject.create
FNDA:0,MemoryObject.create
FN:175,183,StanceShift.to_dict
FNDA:0,StanceShift.to_dict
FN:198,204,SynthesisResult.to_dict
FNDA:0,SynthesisResult.to_dict
FN:223,229,GateResult.to_dict
FNDA:0,GateResult.to_dict
FNF:10
FNH:0
end_of_record
SF:foresight_mcp/migrations/001_add_tenant_to_graph_tables.py
DA:7,0
DA:9,0
DA:10,0
DA:12,0
DA:14,0
DA:17,0
DA:20,0
DA:22,0
DA:23,0
DA:24,0
DA:25,0
DA:26,0
DA:27,0
DA:28,0
DA:29,0
DA:31,0
DA:32,0
DA:33,0
DA:34,0
LF:19
LH:0
FN:17,34,migrate
FNDA:0,migrate
FNF:1
FNH:0
end_of_record
SF:foresight_mcp/migrations/002_unified_schema.py
DA:12,0
DA:14,0
DA:17,0
DA:20,0
DA:22,0
DA:23,0
DA:24,0
DA:26,0
DA:27,0
DA:29,0
DA:34,0
DA:36,0
DA:37,0
DA:38,0
DA:43,0
DA:46,0
DA:48,0
DA:49,0
DA:50,0
LF:19
LH:0
FN:17,43,migrate
FNDA:0,migrate
FN:46,50,_add_column_if_missing
FNDA:0,_add_column_if_missing
FNF:2
FNH:0
end_of_record
SF:foresight_mcp/migrations/__init__.py
DA:7,0
DA:9,0
DA:10,0
DA:11,0
DA:13,0
DA:15,0
DA:21,0
DA:23,0
DA:24,0
DA:25,0
DA:32,0
DA:34,0
DA:35,0
DA:36,0
DA:37,0
DA:38,0
DA:42,0
DA:43,0
DA:45,0
LF:19
LH:0
FN:21,45,run_migrations
FNDA:0,run_migrations
FNF:1
FNH:0
end_of_record
SF:foresight_mcp/narrative_cache.py
DA:10,1
DA:12,1
DA:13,1
DA:14,1
DA:15,1
DA:16,1
DA:17,1
DA:18,1
DA:19,1
DA:22,1
DA:23,1
DA:26,1
DA:29,1
DA:36,0
DA:37,0
DA:38,0
DA:39,0
DA:41,0
DA:42,0
DA:43,0
DA:44,0
DA:45,0
DA:46,0
DA:47,0
DA:48,0
DA:50,0
DA:51,0
DA:56,0
DA:57,0
DA:58,0
DA:60,1
DA:70,0
DA:77,0
DA:84,0
DA:86,0
DA:87,0
DA:96,0
DA:97,0
DA:98,0
DA:100,0
DA:101,0
DA:108,0
DA:109,0
DA:111,0
DA:119,0
DA:120,0
DA:121,0
DA:123,1
DA:134,0
DA:141,0
DA:142,0
DA:144,0
DA:151,0
DA:153,0
DA:154,0
DA:155,0
DA:157,0
DA:195,0
DA:196,0
DA:198,1
DA:200,0
DA:201,0
DA:202,0
DA:204,0
DA:208,0
DA:209,0
DA:211,1
DA:213,0
DA:214,0
DA:215,0
DA:216,0
DA:217,0
DA:227,1
DA:229,0
DA:230,0
DA:231,0
DA:232,0
DA:233,0
DA:235,1
DA:236,0
DA:237,0
DA:238,0
DA:239,0
DA:255,0
DA:261,0
DA:267,0
DA:273,0
DA:275,1
DA:276,0
DA:277,0
DA:279,1
DA:280,0
DA:284,0
DA:286,1
DA:287,0
DA:288,0
DA:289,0
DA:291,0
DA:303,0
DA:305,1
DA:306,0
DA:311,0
DA:312,0
DA:314,1
DA:315,1
DA:323,0
DA:334,0
DA:336,1
DA:337,1
DA:345,0
DA:352,0
DA:353,0
DA:354,0
DA:357,1
LF:114
LH:28
FN:29,58,NarrativeCache.__init__
FNDA:0,NarrativeCache.__init__
FN:60,121,NarrativeCache.get
FNDA:0,NarrativeCache.get
FN:123,196,NarrativeCache.put
FNDA:0,NarrativeCache.put
FN:198,209,NarrativeCache.clear
FNDA:0,NarrativeCache.clear
FN:211,225,NarrativeCache.stats
FNDA:0,NarrativeCache.stats
FN:227,233,NarrativeCache.close
FNDA:0,NarrativeCache.close
FN:235,273,NarrativeCache._initialize
FNDA:0,NarrativeCache._initialize
FN:275,277,NarrativeCache._size
FNDA:0,NarrativeCache._size
FN:279,284,NarrativeCache._delete_expired
FNDA:0,NarrativeCache._delete_expired
FN:286,303,NarrativeCache._evict_lru
FNDA:0,NarrativeCache._evict_lru
FN:305,312,NarrativeCache._harden_file_permissions
FNDA:0,NarrativeCache._harden_file_permissions
FN:315,334,NarrativeCache._cache_key
FNDA:0,NarrativeCache._cache_key
FN:337,354,NarrativeCache._validate_parts
FNDA:0,NarrativeCache._validate_parts
FNF:13
FNH:0
end_of_record
SF:foresight_mcp/profile_synthesizer.py
DA:18,1
DA:20,1
DA:21,1
DA:22,1
DA:23,1
DA:24,1
DA:25,1
DA:27,1
DA:28,1
DA:29,1
DA:36,1
DA:37,1
DA:39,1
DA:42,1
DA:43,1
DA:46,1
DA:47,1
DA:48,1
DA:49,1
DA:50,1
DA:53,1
DA:54,1
DA:57,1
DA:58,1
DA:62,1
DA:63,1
DA:66,1
DA:81,1
DA:83,0
DA:84,0
DA:85,0
DA:86,0
DA:89,1
DA:96,0
DA:97,0
DA:98,0
DA:99,0
DA:100,0
DA:101,0
DA:102,0
DA:103,0
DA:104,0
DA:105,0
DA:106,0
DA:107,0
DA:110,1
DA:119,0
DA:120,0
DA:121,0
DA:122,0
DA:123,0
DA:124,0
DA:125,0
DA:126,0
DA:128,0
DA:129,0
DA:130,0
DA:131,0
DA:132,0
DA:134,0
DA:146,0
DA:148,0
DA:149,0
DA:150,0
DA:151,0
DA:152,0
DA:153,0
DA:154,0
DA:155,0
DA:156,0
DA:168,0
DA:171,1
DA:173,0
DA:174,0
DA:175,0
DA:176,0
DA:177,0
DA:178,0
DA:179,0
DA:180,0
DA:183,1
DA:190,0
DA:191,0
DA:192,0
DA:193,0
DA:194,0
DA:195,0
DA:196,0
DA:197,0
DA:200,1
DA:216,0
DA:217,0
DA:218,0
DA:219,0
DA:220,0
DA:223,0
DA:226,0
DA:229,0
DA:236,0
DA:237,0
DA:238,0
DA:241,0
DA:244,0
DA:247,0
DA:253,0
DA:254,0
DA:257,0
DA:258,0
DA:259,0
DA:260,0
DA:261,0
DA:262,0
DA:273,0
DA:275,0
DA:276,0
DA:277,0
DA:283,0
DA:284,0
DA:287,0
DA:292,0
DA:295,1
DA:310,0
DA:312,0
DA:313,0
DA:315,0
DA:316,0
DA:318,0
DA:319,0
DA:321,0
LF:129
LH:34
FN:81,86,_is_placeholder
FNDA:0,_is_placeholder
FN:89,107,_extract_block_lines
FNDA:0,_extract_block_lines
FN:110,168,_query_memories_by_scope
FNDA:0,_query_memories_by_scope
FN:171,180,_deduplicate_lines
FNDA:0,_deduplicate_lines
FN:183,197,_run_async
FNDA:0,_run_async
FN:200,292,synthesize_profile
FNDA:0,synthesize_profile
FN:295,321,profile_to_prompt
FNDA:0,profile_to_prompt
FNF:7
FNH:0
end_of_record
SF:foresight_mcp/rate_limiter.py
DA:6,1
DA:8,1
DA:9,1
DA:10,1
DA:11,1
DA:14,1
DA:17,1
DA:18,0
DA:19,0
DA:20,0
DA:23,1
DA:24,1
DA:27,1
DA:28,1
DA:29,1
DA:30,1
DA:33,1
DA:34,1
DA:44,1
DA:45,1
DA:46,1
DA:48,1
DA:49,0
DA:50,0
DA:51,0
DA:53,1
DA:55,0
DA:56,0
DA:57,0
DA:58,0
DA:59,0
DA:61,1
DA:69,0
DA:70,0
DA:71,0
DA:74,0
DA:75,0
DA:76,0
DA:78,0
DA:79,0
DA:80,0
DA:81,0
DA:83,1
DA:85,0
DA:86,0
DA:87,0
DA:90,0
DA:91,0
DA:95,0
DA:97,1
DA:99,0
DA:100,0
DA:101,0
DA:105,1
DA:108,1
DA:109,1
DA:111,1
DA:112,1
DA:114,0
DA:115,0
DA:116,0
DA:117,0
DA:118,0
DA:119,0
DA:121,1
DA:122,1
DA:124,0
DA:125,0
DA:128,1
DA:130,0
DA:133,1
DA:135,0
DA:138,1
DA:139,1
DA:140,1
DA:142,1
DA:143,1
DA:144,0
DA:145,0
DA:146,0
DA:147,0
DA:148,0
DA:150,1
DA:151,1
DA:152,0
DA:153,0
DA:156,1
DA:157,0
DA:160,1
DA:161,0
DA:164,1
DA:165,1
DA:166,0
DA:167,0
DA:168,0
DA:170,1
DA:171,0
DA:172,0
DA:173,0
DA:174,0
DA:175,0
DA:176,0
DA:177,0
LF:103
LH:44
FN:17,20,RateLimitExceededError.__init__
FNDA:0,RateLimitExceededError.__init__
FN:48,51,RateLimiter.__post_init__
FNDA:0,RateLimiter.__post_init__
FN:53,59,RateLimiter._get_bucket
FNDA:0,RateLimiter._get_bucket
FN:61,81,RateLimiter.acquire
FNDA:0,RateLimiter.acquire
FN:83,95,RateLimiter.get_remaining
FNDA:0,RateLimiter.get_remaining
FN:97,101,RateLimiter.reset
FNDA:0,RateLimiter.reset
FN:112,119,_RateLimiterSingleton.get_instance
FNDA:0,_RateLimiterSingleton.get_instance
FN:122,125,_RateLimiterSingleton.reset
FNDA:0,_RateLimiterSingleton.reset
FN:128,130,get_rate_limiter
FNDA:0,get_rate_limiter
FN:133,135,reset_rate_limiter
FNDA:0,reset_rate_limiter
FN:143,148,_ThrottlerSingleton.get_instance
FNDA:0,_ThrottlerSingleton.get_instance
FN:151,153,_ThrottlerSingleton.reset
FNDA:0,_ThrottlerSingleton.reset
FN:156,157,get_request_throttler
FNDA:0,get_request_throttler
FN:160,161,reset_request_throttler
FNDA:0,reset_request_throttler
FN:165,168,RequestThrottler.__init__
FNDA:0,RequestThrottler.__init__
FN:170,177,RequestThrottler.throttle
FNDA:0,RequestThrottler.throttle
FNF:16
FNH:0
end_of_record
SF:foresight_mcp/reflection_engine.py
DA:13,1
DA:15,1
DA:16,1
DA:17,1
DA:18,1
DA:19,1
DA:20,1
DA:21,1
DA:22,1
DA:23,1
DA:25,1
DA:26,1
DA:28,1
DA:31,1
DA:32,1
DA:35,1
DA:36,1
DA:37,1
DA:38,1
DA:39,1
DA:40,1
DA:42,1
DA:43,0
DA:45,1
DA:46,0
DA:56,1
DA:57,1
DA:60,1
DA:61,1
DA:62,1
DA:63,1
DA:64,1
DA:65,1
DA:66,1
DA:67,1
DA:68,1
DA:69,1
DA:71,1
DA:72,0
DA:86,1
DA:95,1
DA:96,0
DA:98,1
DA:99,0
DA:100,0
DA:101,0
DA:102,0
DA:104,1
DA:123,0
DA:124,0
DA:125,0
DA:127,0
DA:128,0
DA:129,0
DA:131,0
DA:132,0
DA:135,0
DA:136,0
DA:147,0
DA:148,0
DA:151,0
DA:154,0
DA:157,0
DA:160,0
DA:174,0
DA:176,0
DA:178,0
DA:180,1
DA:182,0
DA:183,0
DA:185,0
DA:186,0
DA:187,0
DA:188,0
DA:189,0
DA:191,0
DA:192,0
DA:193,0
DA:194,0
DA:196,0
DA:198,0
DA:199,0
DA:200,0
DA:202,0
DA:203,0
DA:204,0
DA:205,0
DA:206,0
DA:208,0
DA:215,1
DA:220,0
DA:229,0
[...]
FNDA:0,ContextBlockState.initialize_defaults
FN:198,200,ContextBlockState.register_schema
FNDA:0,ContextBlockState.register_schema
FN:202,204,ContextBlockState._schema_for
FNDA:0,ContextBlockState._schema_for
FN:206,209,ContextBlockState._known_labels
FNDA:0,ContextBlockState._known_labels
FN:211,218,ContextBlockState._validate_block_content
FNDA:0,ContextBlockState._validate_block_content
FN:220,222,ContextBlockState.get_block
FNDA:0,ContextBlockState.get_block
FN:224,243,ContextBlockState.update_block
FNDA:0,ContextBlockState.update_block
FN:245,253,ContextBlockState.append_to_block
FNDA:0,ContextBlockState.append_to_block
FN:255,264,ContextBlockState.to_whisper_xml
FNDA:0,ContextBlockState.to_whisper_xml
FN:266,279,ContextBlockState.to_full_xml
FNDA:0,ContextBlockState.to_full_xml
FN:281,283,ContextBlockState.get_all_blocks
FNDA:0,ContextBlockState.get_all_blocks
FN:297,311,ContextBlockAgent.__init__
FNDA:0,ContextBlockAgent.__init__
FN:313,314,ContextBlockAgent._connect
FNDA:0,ContextBlockAgent._connect
FN:316,335,ContextBlockAgent._ensure_storage
FNDA:0,ContextBlockAgent._ensure_storage
FN:337,368,ContextBlockAgent._load_persisted_blocks
FNDA:0,ContextBlockAgent._load_persisted_blocks
FN:370,388,ContextBlockAgent._persist_block
FNDA:0,ContextBlockAgent._persist_block
FN:390,437,ContextBlockAgent.process_transcript
FNDA:0,ContextBlockAgent.process_transcript
FN:439,449,ContextBlockAgent._process_user_message
FNDA:0,ContextBlockAgent._process_user_message
FN:451,456,ContextBlockAgent._extract_preference
FNDA:0,ContextBlockAgent._extract_preference
FN:458,463,ContextBlockAgent._extract_pending_item
FNDA:0,ContextBlockAgent._extract_pending_item
FN:465,467,ContextBlockAgent.get_whisper
FNDA:0,ContextBlockAgent.get_whisper
FN:469,471,ContextBlockAgent.get_full_context
FNDA:0,ContextBlockAgent.get_full_context
FN:473,478,ContextBlockAgent.update_guidance
FNDA:0,ContextBlockAgent.update_guidance
FN:480,483,ContextBlockAgent.register_schema
FNDA:0,ContextBlockAgent.register_schema
FN:485,493,ContextBlockAgent.update_block
FNDA:0,ContextBlockAgent.update_block
FN:495,503,ContextBlockAgent.add_guidance_line
FNDA:0,ContextBlockAgent.add_guidance_line
FN:505,509,ContextBlockAgent.get_block
FNDA:0,ContextBlockAgent.get_block
FN:511,514,ContextBlockAgent.get_all_blocks
FNDA:0,ContextBlockAgent.get_all_blocks
FN:516,526,ContextBlockAgent.reset_block
FNDA:0,ContextBlockAgent.reset_block
FN:528,533,ContextBlockAgent.clear_block
FNDA:0,ContextBlockAgent.clear_block
FN:545,548,_normalize_tenant_id
FNDA:0,_normalize_tenant_id
FN:551,559,get_context_block_agent
FNDA:0,get_context_block_agent
FN:562,564,get_subconscious_agent
FNDA:0,get_subconscious_agent
FNF:37
FNH:0
end_of_record
SF:foresight_mcp/sync.py
DA:12,1
DA:14,1
DA:15,1
DA:16,1
DA:17,1
DA:18,1
DA:19,1
DA:20,1
DA:21,1
DA:22,1
DA:23,1
DA:25,1
DA:26,1
DA:27,1
DA:29,1
DA:32,1
DA:35,1
DA:36,1
DA:37,1
DA:38,1
DA:41,1
DA:44,1
DA:45,1
DA:46,1
DA:49,1
DA:50,1
DA:53,1
DA:54,1
DA:55,1
DA:56,1
DA:57,1
DA:58,1
DA:59,1
DA:60,1
DA:61,1
DA:63,1
DA:64,0
DA:76,1
DA:77,1
DA:78,0
DA:87,0
DA:88,0
DA:89,0
DA:90,0
DA:91,0
DA:92,0
DA:95,1
DA:96,1
DA:99,1
DA:100,1
DA:101,1
DA:102,1
DA:103,1
DA:104,1
DA:106,1
DA:107,0
DA:117,1
DA:124,1
DA:130,0
DA:131,0
DA:133,0
DA:134,0
DA:136,1
DA:138,0
DA:139,0
DA:141,0
DA:142,0
DA:143,0
DA:157,0
DA:158,0
DA:160,0
DA:161,0
DA:162,0
DA:163,0
DA:164,0
DA:165,0
DA:166,0
DA:167,0
DA:168,0
DA:170,1
DA:172,0
DA:173,0
DA:174,0
DA:175,0
DA:194,0
DA:195,0
DA:197,1
DA:199,0
DA:200,0
DA:201,0
DA:202,0
DA:205,0
DA:207,0
DA:208,0
DA:221,0
DA:223,1
DA:225,0
DA:226,0
DA:227,0
DA:228,0
DA:229,0
DA:230,0
DA:232,1
DA:234,0
DA:235,0
DA:236,0
DA:237,0
DA:238,0
DA:240,0
DA:241,0
DA:242,0
DA:257,0
DA:259,1
DA:261,0
DA:262,0
DA:263,0
DA:264,0
DA:265,0
DA:266,0
DA:269,1
DA:280,1
DA:295,0
DA:296,0
DA:297,0
DA:298,0
DA:300,0
DA:301,0
DA:302,0
DA:303,0
DA:304,0
DA:307,0
DA:308,0
DA:310,1
DA:312,0
DA:313,0
DA:314,0
DA:315,0
DA:316,0
DA:318,1
DA:340,0
DA:341,0
DA:342,0
DA:343,0
DA:344,0
DA:345,0
DA:346,0
DA:347,0
DA:348,0
DA:349,0
DA:350,0
DA:362,0
DA:369,0
DA:371,0
DA:372,0
DA:374,0
DA:375,0
DA:377,1
DA:384,0
DA:385,0
DA:387,0
DA:388,0
DA:390,0
DA:391,0
DA:392,0
DA:394,0
DA:395,0
DA:397,0
DA:398,0
DA:399,0
DA:401,0
DA:402,0
DA:403,0
DA:404,0
DA:405,0
DA:406,0
DA:408,0
DA:411,0
DA:412,0
DA:414,0
DA:416,0
DA:418,0
DA:419,0
DA:420,0
DA:421,0
DA:422,0
DA:424,0
DA:425,0
DA:426,0
DA:428,0
DA:430,1
DA:432,0
DA:433,0
DA:442,1
DA:444,0
DA:446,1
DA:448,0
DA:449,0
DA:450,0
DA:451,0
DA:452,0
DA:453,0
DA:455,1
DA:457,0
DA:465,1
DA:468,1
DA:470,1
DA:471,1
DA:473,0
DA:474,0
DA:475,0
DA:477,1
DA:478,1
DA:480,0
DA:483,1
DA:485,0
DA:488,1
DA:490,0
LF:217
LH:72
FN:63,74,Operation.to_dict
FNDA:0,Operation.to_dict
FN:77,92,Operation.from_dict
FNDA:0,Operation.from_dict
FN:106,114,SyncProgress.to_dict
FNDA:0,SyncProgress.to_dict
FN:124,134,OperationQueue.__init__
FNDA:0,OperationQueue.__init__
FN:136,168,OperationQueue._init_db
FNDA:0,OperationQueue._init_db
FN:170,195,OperationQueue.enqueue
FNDA:0,OperationQueue.enqueue
FN:197,221,OperationQueue.dequeue
FNDA:0,OperationQueue.dequeue
FN:223,230,OperationQueue.remove
FNDA:0,OperationQueue.remove
FN:232,257,OperationQueue.peek
FNDA:0,OperationQueue.peek
FN:259,266,OperationQueue.count
FNDA:0,OperationQueue.count
FN:280,308,SyncManager.__init__
FNDA:0,SyncManager.__init__
FN:310,316,SyncManager.set_online
FNDA:0,SyncManager.set_online
FN:318,375,SyncManager.enqueue_operation
FNDA:0,SyncManager.enqueue_operation
FN:377,428,SyncManager.sync
FNDA:0,SyncManager.sync
FN:430,440,SyncManager._get_progress
FNDA:0,SyncManager._get_progress
FN:442,444,SyncManager.on_progress
FNDA:0,SyncManager.on_progress
FN:446,453,SyncManager._notify_progress
FNDA:0,SyncManager._notify_progress
FN:455,457,SyncManager.get_status
FNDA:0,SyncManager.get_status
FN:471,475,_SyncManagerSingleton.get_instance
FNDA:0,_SyncManagerSingleton.get_instance
FN:478,480,_SyncManagerSingleton.reset
FNDA:0,_SyncManagerSingleton.reset
FN:483,485,get_sync_manager
FNDA:0,get_sync_manager
FN:488,490,reset_sync_manager
FNDA:0,reset_sync_manager
FNF:22
FNH:0
end_of_record
SF:foresight_mcp/temporal_queries.py
DA:10,1
DA:12,1
DA:13,1
DA:14,1
DA:15,1
DA:16,1
DA:18,1
DA:19,1
DA:20,1
DA:22,1
DA:25,1
DA:26,0
DA:27,0
DA:30,1
DA:33,1
DA:34,1
DA:37,1
DA:38,1
DA:39,1
DA:40,1
DA:41,1
DA:42,1
DA:43,1
DA:44,1
DA:45,1
DA:46,1
DA:49,1
DA:56,1
DA:58,0
DA:60,1
DA:62,0
DA:69,1
DA:81,0
DA:82,0
DA:83,0
DA:84,0
DA:85,0
DA:86,0
DA:87,0
DA:89,0
DA:90,0
DA:91,0
DA:92,0
DA:93,0
DA:95,0
DA:107,0
DA:108,0
DA:109,0
DA:110,0
DA:112,0
DA:113,0
DA:114,0
DA:115,0
DA:116,0
DA:128,0
DA:130,0
DA:132,0
DA:133,0
DA:147,0
DA:149,1
DA:155,0
DA:156,0
DA:157,0
DA:158,0
DA:159,0
DA:160,0
DA:161,0
DA:162,0
DA:163,0
DA:165,0
DA:176,0
DA:177,0
DA:178,0
DA:179,0
DA:181,0
DA:182,0
DA:183,0
DA:184,0
DA:195,0
DA:197,0
DA:199,0
DA:200,0
DA:214,0
DA:216,1
DA:222,0
DA:223,0
DA:224,0
DA:225,0
DA:226,0
DA:227,0
DA:228,0
DA:229,0
DA:230,0
DA:232,0
DA:243,0
DA:244,0
DA:245,0
DA:246,0
DA:247,0
DA:248,0
DA:249,0
DA:250,0
DA:261,0
DA:263,0
DA:265,0
DA:266,0
DA:280,0
DA:282,1
DA:293,0
DA:294,0
DA:295,0
DA:296,0
DA:297,0
DA:299,0
DA:300,0
DA:316,0
DA:317,0
DA:318,0
DA:335,0
DA:337,0
DA:349,0
DA:350,0
DA:365,0
DA:366,0
DA:367,0
DA:383,0
DA:385,0
DA:395,0
DA:401,0
DA:403,1
DA:405,0
DA:406,0
DA:409,0
DA:410,0
DA:411,0
DA:413,0
DA:414,0
DA:416,0
DA:418,0
DA:419,0
DA:420,0
DA:421,0
DA:422,0
DA:424,1
DA:437,0
DA:438,0
DA:439,0
DA:440,0
DA:441,0
DA:442,0
DA:443,0
DA:452,0
DA:453,0
DA:455,0
DA:456,0
DA:457,0
DA:458,0
DA:462,0
DA:465,0
DA:466,0
DA:468,0
DA:470,0
DA:472,0
DA:476,1
DA:479,1
DA:482,1
DA:484,0
DA:485,0
DA:486,0
DA:487,0
DA:488,0
DA:489,0
DA:492,1
DA:494,0
DA:495,0
LF:175
LH:37
FN:25,27,_is_missing_tenant_column_error
FNDA:0,_is_missing_tenant_column_error
FN:56,58,TemporalQueryBuilder.__init__
FNDA:0,TemporalQueryBuilder.__init__
FN:60,67,TemporalQueryBuilder._get_window_hours
FNDA:0,TemporalQueryBuilder._get_window_hours
FN:69,147,TemporalQueryBuilder.get_memories_from_window
FNDA:0,TemporalQueryBuilder.get_memories_from_window
FN:149,214,TemporalQueryBuilder.get_memories_as_of_time
FNDA:0,TemporalQueryBuilder.get_memories_as_of_time
FN:216,280,TemporalQueryBuilder.get_memories_by_trend
FNDA:0,TemporalQueryBuilder.get_memories_by_trend
FN:282,401,TemporalQueryBuilder.analyze_trends
FNDA:0,TemporalQueryBuilder.analyze_trends
FN:403,422,TemporalQueryBuilder._calculate_overall_trend
FNDA:0,TemporalQueryBuilder._calculate_overall_trend
FN:424,472,TemporalQueryBuilder.get_time_weighted_scores
FNDA:0,TemporalQueryBuilder.get_time_weighted_scores
FN:482,489,get_temporal_query_builder
FNDA:0,get_temporal_query_builder
FN:492,495,reset_temporal_query_builder
FNDA:0,reset_temporal_query_builder
FNF:11
FNH:0
end_of_record
SF:foresight_mcp/temporal_schema.py
DA:10,1
DA:12,1
DA:37,1
DA:62,1
DA:64,0
DA:65,0
DA:67,0
DA:69,0
DA:70,0
DA:71,0
DA:72,0
DA:73,0
DA:74,0
DA:76,0
DA:77,0
DA:80,0
DA:81,0
DA:82,0
DA:83,0
DA:84,0
DA:85,0
DA:87,0
DA:88,0
DA:90,0
DA:92,0
DA:93,0
DA:94,0
DA:96,0
DA:99,1
DA:101,0
DA:102,0
DA:104,0
DA:106,0
DA:116,0
DA:118,0
DA:121,1
DA:123,0
DA:125,0
LF:38
LH:6
FN:62,96,run_temporal_migrations
FNDA:0,run_temporal_migrations
FN:99,118,initialize_decay_config
FNDA:0,initialize_decay_config
FNF:2
FNH:0
end_of_record
SF:foresight_mcp/temporal_service.py
DA:10,1
DA:12,1
DA:13,1
DA:14,1
DA:15,1
DA:16,1
DA:18,1
DA:19,1
DA:21,1
DA:24,1
DA:25,0
DA:26,0
DA:29,1
DA:32,1
DA:33,1
DA:36,1
DA:37,1
DA:38,1
DA:39,1
DA:40,1
DA:41,1
DA:43,1
DA:44,1
DA:46,0
DA:55,1
DA:66,1
DA:68,0
DA:70,1
DA:72,0
DA:73,0
DA:74,0
DA:75,0
DA:76,0
DA:77,0
DA:79,0
DA:80,0
DA:91,0
DA:101,0
DA:102,0
DA:103,0
DA:106,0
DA:108,0
DA:110,1
DA:134,0
DA:137,0
DA:138,0
DA:139,0
DA:142,0
DA:145,0
DA:146,0
DA:149,0
DA:151,0
DA:153,1
DA:166,0
DA:167,0
DA:170,0
DA:171,0
DA:175,0
DA:176,0
DA:178,0
DA:180,1
DA:207,0
DA:208,0
DA:209,0
DA:210,0
DA:212,0
DA:213,0
DA:220,0
DA:221,0
DA:222,0
DA:230,0
DA:232,0
DA:233,0
DA:234,0
DA:235,0
DA:237,0
DA:240,0
DA:241,0
DA:244,0
DA:247,0
DA:250,0
DA:251,0
DA:252,0
DA:254,0
DA:257,0
DA:258,0
DA:259,0
DA:282,0
DA:283,0
DA:284,0
DA:307,0
DA:309,0
DA:310,0
DA:313,0
DA:315,1
DA:335,0
DA:336,0
DA:337,0
DA:338,0
DA:339,0
DA:340,0
DA:342,0
DA:343,0
DA:344,0
DA:345,0
DA:346,0
DA:356,0
DA:357,0
DA:358,0
DA:369,0
DA:371,0
DA:372,0
DA:373,0
DA:374,0
DA:376,0
DA:377,0
DA:378,0
DA:385,0
DA:386,0
DA:394,0
DA:395,0
DA:396,0
DA:405,0
DA:406,0
DA:408,0
DA:409,0
DA:411,0
DA:412,0
DA:413,0
DA:415,0
DA:416,0
DA:418,0
DA:420,1
DA:430,0
DA:431,0
DA:432,0
DA:433,0
DA:434,0
DA:450,0
DA:451,0
DA:461,0
DA:465,1
DA:468,1
DA:469,1
DA:471,1
DA:472,1
DA:474,0
DA:475,0
DA:476,0
DA:477,0
DA:478,0
DA:479,0
DA:481,1
DA:482,1
DA:484,0
DA:485,0
DA:488,1
DA:490,0
DA:493,1
DA:495,0
LF:160
LH:38
FN:24,26,_is_missing_tenant_column_error
FNDA:0,_is_missing_tenant_column_error
FN:44,52,DecayConfig.from_db_row
FNDA:0,DecayConfig.from_db_row
FN:66,68,TemporalService.__init__
FNDA:0,TemporalService.__init__
FN:70,108,TemporalService._get_decay_config
FNDA:0,TemporalService._get_decay_config
FN:110,151,TemporalService.calculate_decay
FNDA:0,TemporalService.calculate_decay
FN:153,178,TemporalService._calculate_trend
FNDA:0,TemporalService._calculate_trend
FN:180,313,TemporalService.on_memory_retrieved
FNDA:0,TemporalService.on_memory_retrieved
FN:315,418,TemporalService.batch_update_decay
FNDA:0,TemporalService.batch_update_decay
FN:420,461,TemporalService.get_memory_stats
FNDA:0,TemporalService.get_memory_stats
FN:472,479,_TemporalServiceSingleton.get_instance
FNDA:0,_TemporalServiceSingleton.get_instance
FN:482,485,_TemporalServiceSingleton.reset
FNDA:0,_TemporalServiceSingleton.reset
FN:488,490,get_temporal_service
FNDA:0,get_temporal_service
FN:493,495,reset_temporal_service
FNDA:0,reset_temporal_service
FNF:13
FNH:0
end_of_record
SF:foresight_mcp/tenant_context.py
DA:13,1
DA:15,1
DA:16,1
DA:17,1
DA:19,1
DA:21,1
DA:39,1
DA:40,1
DA:48,1
DA:49,1
DA:50,1
DA:51,1
DA:53,1
DA:55,0
DA:56,0
DA:57,0
DA:58,0
DA:59,0
DA:60,0
DA:62,1
DA:64,0
DA:66,1
DA:68,0
DA:78,1
DA:79,1
DA:80,1
DA:81,1
DA:84,1
DA:87,1
DA:89,0
DA:92,1
DA:94,0
DA:95,0
DA:98,1
DA:100,0
DA:103,1
DA:105,0
DA:106,0
DA:109,1
DA:111,0
DA:114,1
DA:116,0
DA:117,0
DA:120,1
DA:122,0
DA:125,1
DA:127,0
DA:128,0
DA:131,1
DA:137,0
DA:138,0
DA:139,0
DA:145,0
DA:146,0
DA:149,1
DA:151,0
DA:154,1
DA:161,0
DA:166,0
DA:169,1
DA:176,0
DA:181,0
DA:184,1
DA:186,0
DA:187,0
DA:188,0
DA:189,0
DA:190,0
LF:68
LH:33
FN:53,60,MemoryScope.namespace
FNDA:0,MemoryScope.namespace
FN:62,64,MemoryScope.cache_key_suffix
FNDA:0,MemoryScope.cache_key_suffix
FN:66,74,MemoryScope.to_dict
FNDA:0,MemoryScope.to_dict
FN:87,89,get_current_user_id
FNDA:0,get_current_user_id
FN:92,95,set_current_user_id
FNDA:0,set_current_user_id
FN:98,100,get_current_account_id
FNDA:0,get_current_account_id
FN:103,106,set_current_account_id
FNDA:0,set_current_account_id
FN:109,111,get_current_app_id
FNDA:0,get_current_app_id
FN:114,117,set_current_app_id
FNDA:0,set_current_app_id
FN:120,122,get_current_integration_id
FNDA:0,get_current_integration_id
FN:125,128,set_current_integration_id
FNDA:0,set_current_integration_id
FN:131,146,get_current_scope
FNDA:0,get_current_scope
FN:149,151,_invalidate_scope
FNDA:0,_invalidate_scope
FN:154,166,set_current_tenant_id
FNDA:0,set_current_tenant_id
FN:169,181,get_current_tenant_id
FNDA:0,get_current_tenant_id
FN:184,190,reset_tenant_context
FNDA:0,reset_tenant_context
FNF:16
FNH:0
end_of_record
SF:foresight_mcp/tenant_middleware.py
DA:3,1
DA:5,1
DA:6,1
DA:8,1
DA:10,1
DA:11,1
DA:19,1
DA:22,1
DA:25,1
DA:27,0
DA:28,0
DA:29,0
DA:30,0
DA:33,1
DA:39,0
DA:40,0
DA:43,1
DA:53,0
DA:60,0
DA:61,0
DA:64,0
DA:65,0
DA:66,0
DA:67,0
DA:68,0
DA:69,0
DA:70,0
DA:71,0
DA:72,0
DA:74,0
DA:77,0
DA:78,0
DA:79,0
DA:80,0
DA:81,0
DA:82,0
DA:85,0
DA:86,0
DA:87,0
DA:88,0
DA:89,0
DA:90,0
DA:91,0
DA:92,0
DA:94,0
DA:97,0
DA:98,0
DA:99,0
DA:100,0
DA:102,0
DA:105,1
DA:118,1
DA:119,0
DA:120,0
DA:121,0
DA:122,0
DA:123,0
DA:124,0
DA:125,0
DA:127,0
DA:129,1
DA:130,0
DA:131,0
LF:63
LH:14
FN:25,30,_sanitize_id
FNDA:0,_sanitize_id
FN:33,40,resolve_tenant_id_from_message
FNDA:0,resolve_tenant_id_from_message
FN:43,102,resolve_identity_from_message
FNDA:0,resolve_identity_from_message
FN:118,127,TenantMiddleware.on_call_tool
FNDA:0,TenantMiddleware.on_call_tool
FN:129,131,TenantMiddleware._resolve_identity
FNDA:0,TenantMiddleware._resolve_identity
FNF:5
FNH:0
end_of_record
SF:foresight_mcp/websocket/__init__.py
DA:6,1
DA:7,1
DA:9,1
LF:3
LH:3
end_of_record
SF:foresight_mcp/websocket/server.py
DA:11,1
DA:13,1
DA:14,1
DA:15,1
DA:16,1
DA:17,1
DA:18,1
DA:19,1
DA:20,1
DA:21,1
DA:22,1
DA:24,1
DA:26,1
DA:28,1
DA:31,1
DA:34,1
DA:35,1
DA:36,1
DA:37,1
DA:40,1
DA:41,1
DA:44,1
DA:45,1
DA:46,1
DA:47,1
DA:48,1
DA:49,1
DA:50,1
DA:51,1
DA:52,1
DA:53,1
DA:55,1
DA:57,0
DA:58,0
DA:59,0
DA:60,0
DA:61,0
DA:64,1
DA:75,1
DA:81,0
DA:82,0
DA:83,0
DA:84,0
DA:86,1
DA:105,0
DA:106,0
DA:108,0
DA:110,0
DA:111,0
DA:112,0
DA:113,0
DA:114,0
DA:122,0
DA:130,0
DA:132,0
DA:133,0
DA:135,0
DA:144,1
DA:146,0
DA:147,0
DA:148,0
DA:150,0
DA:152,1
DA:163,0
DA:164,0
DA:165,0
DA:167,0
DA:168,0
DA:169,0
DA:170,0
DA:172,0
DA:174,0
DA:175,0
DA:176,0
DA:177,0
DA:178,0
DA:179,0
DA:180,0
DA:186,0
DA:187,0
DA:189,0
DA:191,1
DA:204,0
DA:206,0
DA:207,0
DA:208,0
DA:209,0
DA:210,0
DA:216,0
DA:217,0
DA:219,0
DA:220,0
DA:221,0
DA:223,0
DA:230,0
DA:237,0
DA:238,0
DA:239,0
DA:241,0
DA:242,0
DA:243,0
DA:248,0
DA:249,0
DA:250,0
DA:252,0
DA:254,1
DA:256,0
DA:257,0
DA:259,0
DA:260,0
DA:261,0
DA:262,0
DA:263,0
DA:264,0
DA:265,0
DA:266,0
DA:267,0
DA:268,0
DA:274,0
DA:275,0
DA:276,0
DA:277,0
DA:278,0
DA:279,0
DA:281,0
DA:283,1
DA:285,0
DA:287,1
DA:289,0
DA:290,0
DA:291,0
DA:292,0
DA:294,0
DA:300,1
DA:309,1
DA:325,0
DA:330,0
DA:331,0
DA:332,0
DA:333,0
DA:334,0
DA:335,0
DA:336,0
DA:338,1
DA:340,0
DA:341,0
DA:344,0
DA:347,0
DA:348,0
DA:350,1
DA:359,0
DA:360,0
DA:361,0
DA:363,0
DA:364,0
DA:365,0
DA:366,0
DA:367,0
DA:369,0
DA:370,0
DA:373,0
DA:375,0
DA:376,0
DA:377,0
DA:378,0
DA:379,0
DA:380,0
DA:382,1
DA:384,0
DA:385,0
DA:386,0
DA:387,0
DA:388,0
DA:390,1
DA:392,0
DA:393,0
DA:394,0
DA:396,0
DA:398,0
DA:407,0
DA:410,0
DA:411,0
DA:412,0
DA:415,0
DA:416,0
DA:418,1
DA:421,0
DA:428,0
DA:429,0
DA:430,0
DA:431,0
DA:432,0
DA:434,1
DA:436,0
DA:437,0
DA:440,0
DA:441,0
DA:442,0
DA:443,0
DA:444,0
DA:445,0
DA:446,0
DA:448,0
DA:456,1
DA:464,0
DA:466,0
DA:475,0
DA:478,0
DA:479,0
LF:209
LH:50
FN:55,61,Connection.send_message
FNDA:0,Connection.send_message
FN:75,84,WebSocketHandler.__init__
FNDA:0,WebSocketHandler.__init__
FN:86,142,WebSocketHandler.connect
FNDA:0,WebSocketHandler.connect
FN:144,150,WebSocketHandler.disconnect
FNDA:0,WebSocketHandler.disconnect
FN:152,189,WebSocketHandler.authenticate
FNDA:0,WebSocketHandler.authenticate
FN:191,252,WebSocketHandler.receive
FNDA:0,WebSocketHandler.receive
FN:254,281,WebSocketHandler.cleanup_stale_connections
FNDA:0,WebSocketHandler.cleanup_stale_connections
FN:283,285,WebSocketHandler.get_connection
FNDA:0,WebSocketHandler.get_connection
FN:287,297,WebSocketHandler.get_stats
FNDA:0,WebSocketHandler.get_stats
FN:309,336,WebSocketServer.__init__
FNDA:0,WebSocketServer.__init__
FN:338,348,WebSocketServer.start
FNDA:0,WebSocketServer.start
FN:350,380,WebSocketServer._server_loop
FNDA:0,WebSocketServer._server_loop
FN:382,388,WebSocketServer.stop
FNDA:0,WebSocketServer.stop
FN:390,416,WebSocketServer._subscribe_to_events
FNDA:0,WebSocketServer._subscribe_to_events
FN:396,412,WebSocketServer._subscribe_to_events.on_event
FNDA:0,WebSocketServer._subscribe_to_events.on_event
FN:418,432,WebSocketServer._broadcast_event
FNDA:0,WebSocketServer._broadcast_event
FN:434,448,WebSocketServer.get_buffered_events
FNDA:0,WebSocketServer.get_buffered_events
FN:456,479,setup_event_bus_websocket_integration
FNDA:0,setup_event_bus_websocket_integration
FN:464,475,setup_event_bus_websocket_integration.on_event
FNDA:0,setup_event_bus_websocket_integration.on_event
FNF:19
FNH:0
end_of_record
SF:foresight_mcp/websocket/subscriptions.py
DA:6,1
DA:8,1
DA:9,1
DA:10,1
DA:11,1
DA:12,1
DA:13,1
DA:14,1
DA:16,1
DA:18,1
DA:21,1
DA:22,1
DA:23,1
DA:24,1
DA:27,1
DA:28,1
DA:41,1
DA:42,1
DA:43,1
DA:44,1
DA:45,1
DA:46,1
DA:48,1
DA:50,0
DA:51,0
DA:53,0
DA:54,0
DA:56,0
DA:58,1
DA:60,0
DA:61,0
DA:62,0
DA:63,0
DA:64,0
DA:66,0
DA:67,0
DA:68,0
DA:71,1
DA:81,1
DA:82,0
DA:83,0
DA:84,0
DA:86,1
DA:95,0
DA:96,0
DA:97,0
DA:98,0
DA:99,0
DA:100,0
DA:102,0
DA:109,0
DA:110,0
DA:113,0
DA:114,0
DA:115,0
DA:117,0
DA:118,0
DA:120,1
DA:122,0
DA:123,0
DA:124,0
DA:126,0
DA:129,0
DA:130,0
DA:133,0
DA:135,0
DA:136,0
DA:138,1
DA:140,0
DA:142,0
DA:143,0
DA:145,0
DA:146,0
DA:147,0
DA:148,0
DA:150,0
DA:152,0
DA:153,0
DA:155,1
DA:157,0
DA:159,1
DA:178,0
DA:179,0
DA:181,0
DA:182,0
DA:184,0
DA:185,0
DA:186,0
DA:193,0
DA:194,0
DA:195,0
DA:196,0
DA:198,0
DA:200,1
DA:202,0
DA:203,0
DA:204,0
DA:205,0
DA:207,0
DA:219,1
DA:222,1
DA:224,1
DA:225,1
DA:227,0
DA:228,0
DA:229,0
DA:231,1
DA:232,1
DA:234,0
DA:237,1
DA:239,0
DA:242,1
DA:244,0
LF:113
LH:40
FN:48,56,Subscription.matches_event
FNDA:0,Subscription.matches_event
FN:58,68,Subscription._entity_matches
FNDA:0,Subscription._entity_matches
FN:81,84,SubscriptionManager.__init__
FNDA:0,SubscriptionManager.__init__
FN:86,118,SubscriptionManager.subscribe
FNDA:0,SubscriptionManager.subscribe
FN:120,136,SubscriptionManager.unsubscribe
FNDA:0,SubscriptionManager.unsubscribe
FN:138,153,SubscriptionManager.unsubscribe_all
FNDA:0,SubscriptionManager.unsubscribe_all
FN:155,157,SubscriptionManager.get_matching_subscriptions
FNDA:0,SubscriptionManager.get_matching_subscriptions
FN:159,198,SubscriptionManager.send_to_subscribers
FNDA:0,SubscriptionManager.send_to_subscribers
FN:200,211,SubscriptionManager.get_stats
FNDA:0,SubscriptionManager.get_stats
FN:225,229,_SubscriptionManagerSingleton.get_instance
FNDA:0,_SubscriptionManagerSingleton.get_instance
FN:232,234,_SubscriptionManagerSingleton.reset
FNDA:0,_SubscriptionManagerSingleton.reset
FN:237,239,get_subscription_manager
FNDA:0,get_subscription_manager
FN:242,244,reset_subscription_manager
FNDA:0,reset_subscription_manager
FNF:13
FNH:0
end_of_record
